SF:/root/project/rust-rag-toolchain/rag-toolchain/src/chains/basic_rag_chain.rs
FN:253,_RNCNvNtNtNtCsfsPcvtvSBg5_13rag_toolchain6chains15basic_rag_chain21basic_rag_chain_testss_19test_chain_succeeds0B9_
FN:270,_RNCNCNvNtNtNtCsfsPcvtvSBg5_13rag_toolchain6chains15basic_rag_chain21basic_rag_chain_testss_19test_chain_succeeds00Bb_
FN:278,_RNCNCNvNtNtNtCsfsPcvtvSBg5_13rag_toolchain6chains15basic_rag_chain21basic_rag_chain_testss_19test_chain_succeeds0s_0Bb_
FN:298,_RNCNvNtNtNtCsfsPcvtvSBg5_13rag_toolchain6chains15basic_rag_chain21basic_rag_chain_testss_28test_streamed_chain_succeeds0B9_
FN:314,_RNCNCNvNtNtNtCsfsPcvtvSBg5_13rag_toolchain6chains15basic_rag_chain21basic_rag_chain_testss_28test_streamed_chain_succeeds00Bb_
FN:322,_RNCNCNvNtNtNtCsfsPcvtvSBg5_13rag_toolchain6chains15basic_rag_chain21basic_rag_chain_testss_28test_streamed_chain_succeeds0s_0Bb_
FN:326,_RNCNCNCNvNtNtNtCsfsPcvtvSBg5_13rag_toolchain6chains15basic_rag_chain21basic_rag_chain_testss_28test_streamed_chain_succeeds0s_00Bd_
FN:253,_RNvNtNtNtCsfsPcvtvSBg5_13rag_toolchain6chains15basic_rag_chain21basic_rag_chain_testss_19test_chain_succeeds
FN:298,_RNvNtNtNtCsfsPcvtvSBg5_13rag_toolchain6chains15basic_rag_chain21basic_rag_chain_testss_28test_streamed_chain_succeeds
FN:70,_RNCNvMsb_NtNtCsfsPcvtvSBg5_13rag_toolchain6chains15basic_rag_chainINtB7_20BasicRAGChainBuilderppTpTpETpEEE5build0Bb_
FN:197,_RNCNvMsr_NtNtCsfsPcvtvSBg5_13rag_toolchain6chains15basic_rag_chainINtB7_28BasicStreamedRAGChainBuilderppTpTpETpEEE5build0Bb_
FN:107,_RNvMNtNtCsfsPcvtvSBg5_13rag_toolchain6chains15basic_rag_chainINtB2_13BasicRAGChainNtNtNtB6_7clients6traits19MockAsyncChatClientNtNtNtB6_10retrievers6traits18MockAsyncRetrieverE12invoke_chainB6_
FN:111,_RNCNvMNtNtCsfsPcvtvSBg5_13rag_toolchain6chains15basic_rag_chainINtB4_13BasicRAGChainNtNtNtB8_7clients6traits19MockAsyncChatClientNtNtNtB8_10retrievers6traits18MockAsyncRetrieverE12invoke_chain0B8_
FN:208,_RNvMs_NtNtCsfsPcvtvSBg5_13rag_toolchain6chains15basic_rag_chainINtB4_21BasicStreamedRAGChainNtNtNtB8_7clients6traits27MockAsyncStreamedChatClientNtNtNtB8_10retrievers6traits18MockAsyncRetrieverE12invoke_chainB8_
FN:212,_RNCNvMs_NtNtCsfsPcvtvSBg5_13rag_toolchain6chains15basic_rag_chainINtB6_21BasicStreamedRAGChainNtNtNtBa_7clients6traits27MockAsyncStreamedChatClientNtNtNtBa_10retrievers6traits18MockAsyncRetrieverE12invoke_chain0Ba_
FNDA:1,_RNCNvNtNtNtCsfsPcvtvSBg5_13rag_toolchain6chains15basic_rag_chain21basic_rag_chain_testss_19test_chain_succeeds0B9_
FNDA:1,_RNCNCNvNtNtNtCsfsPcvtvSBg5_13rag_toolchain6chains15basic_rag_chain21basic_rag_chain_testss_19test_chain_succeeds00Bb_
FNDA:1,_RNCNCNvNtNtNtCsfsPcvtvSBg5_13rag_toolchain6chains15basic_rag_chain21basic_rag_chain_testss_19test_chain_succeeds0s_0Bb_
FNDA:1,_RNCNvNtNtNtCsfsPcvtvSBg5_13rag_toolchain6chains15basic_rag_chain21basic_rag_chain_testss_28test_streamed_chain_succeeds0B9_
FNDA:1,_RNCNCNvNtNtNtCsfsPcvtvSBg5_13rag_toolchain6chains15basic_rag_chain21basic_rag_chain_testss_28test_streamed_chain_succeeds00Bb_
FNDA:1,_RNCNCNvNtNtNtCsfsPcvtvSBg5_13rag_toolchain6chains15basic_rag_chain21basic_rag_chain_testss_28test_streamed_chain_succeeds0s_0Bb_
FNDA:1,_RNCNCNCNvNtNtNtCsfsPcvtvSBg5_13rag_toolchain6chains15basic_rag_chain21basic_rag_chain_testss_28test_streamed_chain_succeeds0s_00Bd_
FNDA:1,_RNvNtNtNtCsfsPcvtvSBg5_13rag_toolchain6chains15basic_rag_chain21basic_rag_chain_testss_19test_chain_succeeds
FNDA:1,_RNvNtNtNtCsfsPcvtvSBg5_13rag_toolchain6chains15basic_rag_chain21basic_rag_chain_testss_28test_streamed_chain_succeeds
FNDA:0,_RNCNvMsb_NtNtCsfsPcvtvSBg5_13rag_toolchain6chains15basic_rag_chainINtB7_20BasicRAGChainBuilderppTpTpETpEEE5build0Bb_
FNDA:0,_RNCNvMsr_NtNtCsfsPcvtvSBg5_13rag_toolchain6chains15basic_rag_chainINtB7_28BasicStreamedRAGChainBuilderppTpTpETpEEE5build0Bb_
FNDA:1,_RNvMNtNtCsfsPcvtvSBg5_13rag_toolchain6chains15basic_rag_chainINtB2_13BasicRAGChainNtNtNtB6_7clients6traits19MockAsyncChatClientNtNtNtB6_10retrievers6traits18MockAsyncRetrieverE12invoke_chainB6_
FNDA:1,_RNCNvMNtNtCsfsPcvtvSBg5_13rag_toolchain6chains15basic_rag_chainINtB4_13BasicRAGChainNtNtNtB8_7clients6traits19MockAsyncChatClientNtNtNtB8_10retrievers6traits18MockAsyncRetrieverE12invoke_chain0B8_
FNDA:1,_RNvMs_NtNtCsfsPcvtvSBg5_13rag_toolchain6chains15basic_rag_chainINtB4_21BasicStreamedRAGChainNtNtNtB8_7clients6traits27MockAsyncStreamedChatClientNtNtNtB8_10retrievers6traits18MockAsyncRetrieverE12invoke_chainB8_
FNDA:1,_RNCNvMs_NtNtCsfsPcvtvSBg5_13rag_toolchain6chains15basic_rag_chainINtB6_21BasicStreamedRAGChainNtNtNtBa_7clients6traits27MockAsyncStreamedChatClientNtNtNtBa_10retrievers6traits18MockAsyncRetrieverE12invoke_chain0Ba_
FNF:15
FNH:13
DA:70,0
DA:107,1
DA:108,1
DA:109,1
DA:110,1
DA:111,1
DA:112,1
DA:113,1
DA:114,1
DA:115,1
DA:116,0
DA:117,1
DA:119,1
DA:120,1
DA:122,1
DA:123,0
DA:124,1
DA:127,1
DA:128,1
DA:129,1
DA:130,0
DA:131,1
DA:133,1
DA:134,1
DA:197,0
DA:208,1
DA:209,1
DA:210,1
DA:211,1
DA:212,1
DA:213,1
DA:214,1
DA:215,1
DA:216,1
DA:217,0
DA:218,1
DA:220,1
DA:221,1
DA:223,1
DA:224,0
DA:225,1
DA:228,1
DA:229,1
DA:230,1
DA:231,0
DA:232,1
DA:234,1
DA:235,1
DA:253,1
DA:254,1
DA:255,1
DA:256,1
DA:257,1
DA:258,1
DA:259,1
DA:260,1
DA:261,1
DA:262,1
DA:263,1
DA:264,1
DA:265,1
DA:266,1
DA:267,1
DA:268,1
DA:269,1
DA:270,1
DA:271,1
DA:272,1
DA:273,1
DA:274,1
DA:275,1
DA:276,1
DA:277,1
DA:278,1
DA:279,1
DA:280,1
DA:281,1
DA:282,1
DA:283,1
DA:284,1
DA:285,1
DA:286,1
DA:287,1
DA:288,1
DA:289,1
DA:290,1
DA:291,1
DA:292,1
DA:293,1
DA:294,1
DA:295,1
DA:298,1
DA:299,1
DA:300,1
DA:301,1
DA:302,1
DA:303,1
DA:304,1
DA:305,1
DA:306,1
DA:307,1
DA:308,1
DA:309,1
DA:310,1
DA:311,1
DA:312,1
DA:313,1
DA:314,1
DA:315,1
DA:316,1
DA:317,1
DA:318,1
DA:319,1
DA:320,1
DA:321,1
DA:322,1
DA:323,1
DA:324,1
DA:325,1
DA:326,1
DA:327,1
DA:328,1
DA:329,1
DA:330,1
DA:331,1
DA:332,1
DA:333,1
DA:334,1
DA:335,1
DA:336,1
DA:337,1
DA:338,1
DA:339,1
DA:340,1
DA:341,1
DA:342,1
DA:343,1
DA:344,1
DA:345,1
DA:346,1
DA:347,1
DA:348,1
BRF:0
BRH:0
LF:238
LH:228
end_of_record
SF:/root/project/rust-rag-toolchain/rag-toolchain/src/chains/chat_history_chain.rs
FN:149,_RNCNvNtNtNtCsfsPcvtvSBg5_13rag_toolchain6chains18chat_history_chain24chat_history_chain_testss_23test_chat_history_chain0B9_
FN:155,_RNCNCNvNtNtNtCsfsPcvtvSBg5_13rag_toolchain6chains18chat_history_chain24chat_history_chain_testss_23test_chat_history_chain00Bb_
FN:166,_RNCNCNvNtNtNtCsfsPcvtvSBg5_13rag_toolchain6chains18chat_history_chain24chat_history_chain_testss_23test_chat_history_chain0s_0Bb_
FN:149,_RNvNtNtNtCsfsPcvtvSBg5_13rag_toolchain6chains18chat_history_chain24chat_history_chain_testss_23test_chat_history_chain
FN:57,_RNvMNtNtCsfsPcvtvSBg5_13rag_toolchain6chains18chat_history_chainINtB2_16ChatHistoryChainNtNtNtB6_7clients6traits19MockAsyncChatClientE3newB6_
FN:78,_RNvMNtNtCsfsPcvtvSBg5_13rag_toolchain6chains18chat_history_chainINtB2_16ChatHistoryChainNtNtNtB6_7clients6traits19MockAsyncChatClientE12invoke_chainB6_
FN:81,_RNCNvMNtNtCsfsPcvtvSBg5_13rag_toolchain6chains18chat_history_chainINtB4_16ChatHistoryChainNtNtNtB8_7clients6traits19MockAsyncChatClientE12invoke_chain0B8_
FN:107,_RNvMs_NtNtCsfsPcvtvSBg5_13rag_toolchain6chains18chat_history_chainNtB4_17ChatHistoryBuffer3new
FN:115,_RNvMs_NtNtCsfsPcvtvSBg5_13rag_toolchain6chains18chat_history_chainNtB4_17ChatHistoryBuffer12get_messages
FN:123,_RNvMs_NtNtCsfsPcvtvSBg5_13rag_toolchain6chains18chat_history_chainNtB4_17ChatHistoryBuffer6append
FNDA:1,_RNCNvNtNtNtCsfsPcvtvSBg5_13rag_toolchain6chains18chat_history_chain24chat_history_chain_testss_23test_chat_history_chain0B9_
FNDA:1,_RNCNCNvNtNtNtCsfsPcvtvSBg5_13rag_toolchain6chains18chat_history_chain24chat_history_chain_testss_23test_chat_history_chain00Bb_
FNDA:1,_RNCNCNvNtNtNtCsfsPcvtvSBg5_13rag_toolchain6chains18chat_history_chain24chat_history_chain_testss_23test_chat_history_chain0s_0Bb_
FNDA:1,_RNvNtNtNtCsfsPcvtvSBg5_13rag_toolchain6chains18chat_history_chain24chat_history_chain_testss_23test_chat_history_chain
FNDA:1,_RNvMNtNtCsfsPcvtvSBg5_13rag_toolchain6chains18chat_history_chainINtB2_16ChatHistoryChainNtNtNtB6_7clients6traits19MockAsyncChatClientE3newB6_
FNDA:2,_RNvMNtNtCsfsPcvtvSBg5_13rag_toolchain6chains18chat_history_chainINtB2_16ChatHistoryChainNtNtNtB6_7clients6traits19MockAsyncChatClientE12invoke_chainB6_
FNDA:2,_RNCNvMNtNtCsfsPcvtvSBg5_13rag_toolchain6chains18chat_history_chainINtB4_16ChatHistoryChainNtNtNtB8_7clients6traits19MockAsyncChatClientE12invoke_chain0B8_
FNDA:1,_RNvMs_NtNtCsfsPcvtvSBg5_13rag_toolchain6chains18chat_history_chainNtB4_17ChatHistoryBuffer3new
FNDA:2,_RNvMs_NtNtCsfsPcvtvSBg5_13rag_toolchain6chains18chat_history_chainNtB4_17ChatHistoryBuffer12get_messages
FNDA:4,_RNvMs_NtNtCsfsPcvtvSBg5_13rag_toolchain6chains18chat_history_chainNtB4_17ChatHistoryBuffer6append
FNF:10
FNH:10
DA:57,1
DA:58,1
DA:59,1
DA:60,1
DA:61,1
DA:62,1
DA:63,1
DA:78,2
DA:79,2
DA:80,2
DA:81,2
DA:82,2
DA:83,2
DA:84,2
DA:85,2
DA:86,2
DA:87,2
DA:88,2
DA:89,2
DA:90,0
DA:91,2
DA:92,2
DA:93,2
DA:94,2
DA:95,2
DA:107,1
DA:108,1
DA:109,1
DA:110,1
DA:111,1
DA:115,2
DA:116,2
DA:117,2
DA:118,2
DA:123,4
DA:124,4
DA:125,4
DA:126,4
DA:127,4
DA:149,1
DA:150,1
DA:151,1
DA:152,1
DA:153,1
DA:154,1
DA:155,1
DA:156,1
DA:157,1
DA:158,1
DA:159,1
DA:160,1
DA:161,1
DA:162,1
DA:163,1
DA:164,1
DA:165,1
DA:166,1
DA:167,1
DA:168,1
DA:169,1
DA:170,1
DA:171,1
DA:172,1
DA:173,1
DA:174,1
DA:175,1
DA:176,1
DA:177,1
DA:178,1
DA:179,1
DA:180,1
BRF:0
BRH:0
LF:104
LH:101
end_of_record
SF:/root/project/rust-rag-toolchain/rag-toolchain/src/chains/types.rs
FN:35,_RNvXININtNtCsfsPcvtvSBg5_13rag_toolchain6chains5typess_0ppEINtB5_13RagChainErrorppENtNtCsaYZPK01V26L_4core3fmt7Display3fmtB9_
FN:61,_RNvXININtNtCsfsPcvtvSBg5_13rag_toolchain6chains5typess1_0pEINtB5_10ChainErrorpENtNtCsaYZPK01V26L_4core3fmt7Display3fmtB9_
FNDA:0,_RNvXININtNtCsfsPcvtvSBg5_13rag_toolchain6chains5typess_0ppEINtB5_13RagChainErrorppENtNtCsaYZPK01V26L_4core3fmt7Display3fmtB9_
FNDA:0,_RNvXININtNtCsfsPcvtvSBg5_13rag_toolchain6chains5typess1_0pEINtB5_10ChainErrorpENtNtCsaYZPK01V26L_4core3fmt7Display3fmtB9_
FNF:2
FNH:0
DA:35,0
DA:36,0
DA:37,0
DA:38,0
DA:40,0
DA:61,0
DA:62,0
DA:63,0
DA:64,0
DA:65,0
BRF:0
BRH:0
LF:10
LH:0
end_of_record
SF:/root/project/rust-rag-toolchain/rag-toolchain/src/chains/utils.rs
FN:36,_RNvNtNtNtCsfsPcvtvSBg5_13rag_toolchain6chains5utils18chains_utils_testss_33build_prompt_gives_correct_output
FN:19,_RNvNtNtCsfsPcvtvSBg5_13rag_toolchain6chains5utils12build_prompt
FNDA:1,_RNvNtNtNtCsfsPcvtvSBg5_13rag_toolchain6chains5utils18chains_utils_testss_33build_prompt_gives_correct_output
FNDA:3,_RNvNtNtCsfsPcvtvSBg5_13rag_toolchain6chains5utils12build_prompt
FNF:2
FNH:2
DA:19,3
DA:20,3
DA:21,3
DA:22,3
DA:23,9
DA:24,6
DA:26,3
DA:27,3
DA:36,1
DA:37,1
DA:38,1
DA:39,1
DA:40,1
DA:41,1
DA:42,1
DA:43,1
DA:44,1
BRF:0
BRH:0
LF:17
LH:17
end_of_record
SF:/root/project/rust-rag-toolchain/rag-toolchain/src/chunkers/token_chunker.rs
FN:163,_RNCNvNtNtNtCsfsPcvtvSBg5_13rag_toolchain8chunkers13token_chunker5testss_37test_generate_chunks_with_valid_input0B9_
FN:182,_RNCNvNtNtNtCsfsPcvtvSBg5_13rag_toolchain8chunkers13token_chunker5testss_38test_generate_chunks_with_empty_string0B9_
FN:154,_RNvNtNtNtCsfsPcvtvSBg5_13rag_toolchain8chunkers13token_chunker5testss_37test_generate_chunks_with_valid_input
FN:173,_RNvNtNtNtCsfsPcvtvSBg5_13rag_toolchain8chunkers13token_chunker5testss_38test_generate_chunks_with_empty_string
FN:189,_RNvNtNtNtCsfsPcvtvSBg5_13rag_toolchain8chunkers13token_chunker5testss_43test_generate_chunks_with_invalid_arguments
FN:86,_RNvMNtNtCsfsPcvtvSBg5_13rag_toolchain8chunkers13token_chunkerNtB2_12TokenChunker18validate_arguments
FN:117,_RNvMNtNtCsfsPcvtvSBg5_13rag_toolchain8chunkers13token_chunkerNtB2_12TokenChunker15generate_chunks
FN:57,_RINvMNtNtCsfsPcvtvSBg5_13rag_toolchain8chunkers13token_chunkerNtB3_12TokenChunker7try_newNtNtNtB7_6common16embedding_shared20OpenAIEmbeddingModelEB7_
FN:119,_RNCNvMNtNtCsfsPcvtvSBg5_13rag_toolchain8chunkers13token_chunkerNtB4_12TokenChunker15generate_chunks0B8_
FNDA:5,_RNCNvNtNtNtCsfsPcvtvSBg5_13rag_toolchain8chunkers13token_chunker5testss_37test_generate_chunks_with_valid_input0B9_
FNDA:0,_RNCNvNtNtNtCsfsPcvtvSBg5_13rag_toolchain8chunkers13token_chunker5testss_38test_generate_chunks_with_empty_string0B9_
FNDA:1,_RNvNtNtNtCsfsPcvtvSBg5_13rag_toolchain8chunkers13token_chunker5testss_37test_generate_chunks_with_valid_input
FNDA:1,_RNvNtNtNtCsfsPcvtvSBg5_13rag_toolchain8chunkers13token_chunker5testss_38test_generate_chunks_with_empty_string
FNDA:1,_RNvNtNtNtCsfsPcvtvSBg5_13rag_toolchain8chunkers13token_chunker5testss_43test_generate_chunks_with_invalid_arguments
FNDA:3,_RNvMNtNtCsfsPcvtvSBg5_13rag_toolchain8chunkers13token_chunkerNtB2_12TokenChunker18validate_arguments
FNDA:2,_RNvMNtNtCsfsPcvtvSBg5_13rag_toolchain8chunkers13token_chunkerNtB2_12TokenChunker15generate_chunks
FNDA:3,_RINvMNtNtCsfsPcvtvSBg5_13rag_toolchain8chunkers13token_chunkerNtB3_12TokenChunker7try_newNtNtNtB7_6common16embedding_shared20OpenAIEmbeddingModelEB7_
FNDA:0,_RNCNvMNtNtCsfsPcvtvSBg5_13rag_toolchain8chunkers13token_chunkerNtB4_12TokenChunker15generate_chunks0B8_
FNF:9
FNH:7
DA:57,3
DA:58,3
DA:59,3
DA:60,3
DA:61,3
DA:62,3
DA:63,3
DA:64,2
DA:65,2
DA:66,2
DA:67,2
DA:68,2
DA:69,2
DA:70,3
DA:86,3
DA:87,3
DA:88,3
DA:89,3
DA:90,3
DA:91,3
DA:92,0
DA:93,0
DA:94,0
DA:95,0
DA:96,3
DA:98,3
DA:99,1
DA:100,1
DA:101,1
DA:102,2
DA:103,2
DA:104,3
DA:117,2
DA:119,2
DA:120,0
DA:121,2
DA:123,2
DA:124,2
DA:125,2
DA:126,2
DA:127,7
DA:128,5
DA:129,5
DA:130,5
DA:131,5
DA:132,5
DA:134,2
DA:135,2
DA:154,1
DA:155,1
DA:156,1
DA:157,1
DA:158,1
DA:159,1
DA:160,1
DA:161,1
DA:162,1
DA:163,5
DA:164,1
DA:165,1
DA:166,1
DA:167,1
DA:168,1
DA:169,1
DA:170,1
DA:173,1
DA:174,1
DA:175,1
DA:176,1
DA:177,1
DA:178,1
DA:179,1
DA:180,1
DA:181,1
DA:182,1
DA:183,1
DA:184,1
DA:185,1
DA:186,1
DA:189,1
DA:190,1
DA:191,1
DA:192,1
DA:193,1
DA:194,0
DA:195,1
DA:196,1
DA:197,1
DA:198,1
DA:199,1
DA:200,1
DA:201,1
DA:202,1
DA:203,1
DA:204,1
BRF:0
BRH:0
LF:99
LH:90
end_of_record
SF:/root/project/rust-rag-toolchain/rag-toolchain/src/clients/open_ai/model/chat_completions.rs
FN:19,_RINvXNvXNvNtNtNtNtCsfsPcvtvSBg5_13rag_toolchain7clients7open_ai5model16chat_completionss1_1__NtB8_22ChatCompletionResponseNtNtCseHmADR0RVY9_5serde2de11Deserialize11deserializeNtB3_14___FieldVisitorNtB1Y_7Visitor9visit_strNtNtCse05LGF5xr5W_10serde_json5error5ErrorEBg_
FN:19,_RINvXs_NvXNvNtNtNtNtCsfsPcvtvSBg5_13rag_toolchain7clients7open_ai5model16chat_completionss1_1__NtBa_22ChatCompletionResponseNtNtCseHmADR0RVY9_5serde2de11Deserialize11deserializeNtB5_7___FieldB1Y_11deserializeINtNtCse05LGF5xr5W_10serde_json2de6MapKeyNtNtB3p_4read7StrReadEEBi_
FN:19,_RINvXs0_NvXNvNtNtNtNtCsfsPcvtvSBg5_13rag_toolchain7clients7open_ai5model16chat_completionss1_1__NtBb_22ChatCompletionResponseNtNtCseHmADR0RVY9_5serde2de11Deserialize11deserializeNtB6_9___VisitorNtB21_7Visitor9visit_seqINtNtCse05LGF5xr5W_10serde_json2de9SeqAccessNtNtB3z_4read7StrReadEEBj_
FN:19,_RINvXs0_NvXNvNtNtNtNtCsfsPcvtvSBg5_13rag_toolchain7clients7open_ai5model16chat_completionss1_1__NtBb_22ChatCompletionResponseNtNtCseHmADR0RVY9_5serde2de11Deserialize11deserializeNtB6_9___VisitorNtB21_7Visitor9visit_mapINtNtCse05LGF5xr5W_10serde_json2de9MapAccessNtNtB3z_4read7StrReadEEBj_
FN:31,_RINvXNvXNvNtNtNtNtCsfsPcvtvSBg5_13rag_toolchain7clients7open_ai5model16chat_completionss3_1__NtB8_15ChatMessageRoleNtNtCseHmADR0RVY9_5serde2de11Deserialize11deserializeNtB3_14___FieldVisitorNtB1R_7Visitor9visit_strNtNtCse05LGF5xr5W_10serde_json5error5ErrorEBg_
FN:31,_RINvXs_NvXNvNtNtNtNtCsfsPcvtvSBg5_13rag_toolchain7clients7open_ai5model16chat_completionss3_1__NtBa_15ChatMessageRoleNtNtCseHmADR0RVY9_5serde2de11Deserialize11deserializeNtB5_7___FieldB1R_11deserializeQINtNtCse05LGF5xr5W_10serde_json2de12DeserializerNtNtB3j_4read7StrReadEEBi_
FN:31,_RINvXs0_NvXNvNtNtNtNtCsfsPcvtvSBg5_13rag_toolchain7clients7open_ai5model16chat_completionss3_1__NtBb_15ChatMessageRoleNtNtCseHmADR0RVY9_5serde2de11Deserialize11deserializeNtB6_9___VisitorNtB1U_7Visitor10visit_enumINtNtCse05LGF5xr5W_10serde_json2de13VariantAccessNtNtB3u_4read7StrReadEEBj_
FN:31,_RINvXs0_NvXNvNtNtNtNtCsfsPcvtvSBg5_13rag_toolchain7clients7open_ai5model16chat_completionss3_1__NtBb_15ChatMessageRoleNtNtCseHmADR0RVY9_5serde2de11Deserialize11deserializeNtB6_9___VisitorNtB1U_7Visitor10visit_enumINtNtCse05LGF5xr5W_10serde_json2de17UnitVariantAccessNtNtB3u_4read7StrReadEEBj_
FN:48,_RINvXNvXNvNtNtNtNtCsfsPcvtvSBg5_13rag_toolchain7clients7open_ai5model16chat_completionss7_1__NtB8_11ChatMessageNtNtCseHmADR0RVY9_5serde2de11Deserialize11deserializeNtB3_14___FieldVisitorNtB1N_7Visitor9visit_strNtNtCse05LGF5xr5W_10serde_json5error5ErrorEBg_
FN:48,_RINvXs_NvXNvNtNtNtNtCsfsPcvtvSBg5_13rag_toolchain7clients7open_ai5model16chat_completionss7_1__NtBa_11ChatMessageNtNtCseHmADR0RVY9_5serde2de11Deserialize11deserializeNtB5_7___FieldB1N_11deserializeINtNtCse05LGF5xr5W_10serde_json2de6MapKeyNtNtB3e_4read7StrReadEEBi_
FN:48,_RINvXs0_NvXNvNtNtNtNtCsfsPcvtvSBg5_13rag_toolchain7clients7open_ai5model16chat_completionss7_1__NtBb_11ChatMessageNtNtCseHmADR0RVY9_5serde2de11Deserialize11deserializeNtB6_9___VisitorNtB1Q_7Visitor9visit_seqINtNtCse05LGF5xr5W_10serde_json2de9SeqAccessNtNtB3o_4read7StrReadEEBj_
FN:48,_RINvXs0_NvXNvNtNtNtNtCsfsPcvtvSBg5_13rag_toolchain7clients7open_ai5model16chat_completionss7_1__NtBb_11ChatMessageNtNtCseHmADR0RVY9_5serde2de11Deserialize11deserializeNtB6_9___VisitorNtB1Q_7Visitor9visit_mapINtNtCse05LGF5xr5W_10serde_json2de9MapAccessNtNtB3o_4read7StrReadEEBj_
FN:83,_RINvXNvXNvNtNtNtNtCsfsPcvtvSBg5_13rag_toolchain7clients7open_ai5model16chat_completionss9_1__NtB8_5UsageNtNtCseHmADR0RVY9_5serde2de11Deserialize11deserializeNtB3_14___FieldVisitorNtB1G_7Visitor9visit_strNtNtCse05LGF5xr5W_10serde_json5error5ErrorEBg_
FN:83,_RINvXs_NvXNvNtNtNtNtCsfsPcvtvSBg5_13rag_toolchain7clients7open_ai5model16chat_completionss9_1__NtBa_5UsageNtNtCseHmADR0RVY9_5serde2de11Deserialize11deserializeNtB5_7___FieldB1G_11deserializeINtNtCse05LGF5xr5W_10serde_json2de6MapKeyNtNtB37_4read7StrReadEEBi_
FN:83,_RINvXs0_NvXNvNtNtNtNtCsfsPcvtvSBg5_13rag_toolchain7clients7open_ai5model16chat_completionss9_1__NtBb_5UsageNtNtCseHmADR0RVY9_5serde2de11Deserialize11deserializeNtB6_9___VisitorNtB1J_7Visitor9visit_seqINtNtCse05LGF5xr5W_10serde_json2de9SeqAccessNtNtB3h_4read7StrReadEEBj_
FN:83,_RINvXs0_NvXNvNtNtNtNtCsfsPcvtvSBg5_13rag_toolchain7clients7open_ai5model16chat_completionss9_1__NtBb_5UsageNtNtCseHmADR0RVY9_5serde2de11Deserialize11deserializeNtB6_9___VisitorNtB1J_7Visitor9visit_mapINtNtCse05LGF5xr5W_10serde_json2de9MapAccessNtNtB3h_4read7StrReadEEBj_
FN:90,_RINvXNvXNvNtNtNtNtCsfsPcvtvSBg5_13rag_toolchain7clients7open_ai5model16chat_completionssb_1__NtB8_21ChatCompletionChoicesNtNtCseHmADR0RVY9_5serde2de11Deserialize11deserializeNtB3_14___FieldVisitorNtB1X_7Visitor9visit_strNtNtCse05LGF5xr5W_10serde_json5error5ErrorEBg_
FN:90,_RINvXs_NvXNvNtNtNtNtCsfsPcvtvSBg5_13rag_toolchain7clients7open_ai5model16chat_completionssb_1__NtBa_21ChatCompletionChoicesNtNtCseHmADR0RVY9_5serde2de11Deserialize11deserializeNtB5_7___FieldB1X_11deserializeINtNtCse05LGF5xr5W_10serde_json2de6MapKeyNtNtB3o_4read7StrReadEEBi_
FN:90,_RINvXs0_NvXNvNtNtNtNtCsfsPcvtvSBg5_13rag_toolchain7clients7open_ai5model16chat_completionssb_1__NtBb_21ChatCompletionChoicesNtNtCseHmADR0RVY9_5serde2de11Deserialize11deserializeNtB6_9___VisitorNtB20_7Visitor9visit_seqINtNtCse05LGF5xr5W_10serde_json2de9SeqAccessNtNtB3y_4read7StrReadEEBj_
FN:90,_RINvXs0_NvXNvNtNtNtNtCsfsPcvtvSBg5_13rag_toolchain7clients7open_ai5model16chat_completionssb_1__NtBb_21ChatCompletionChoicesNtNtCseHmADR0RVY9_5serde2de11Deserialize11deserializeNtB6_9___VisitorNtB20_7Visitor9visit_mapINtNtCse05LGF5xr5W_10serde_json2de9MapAccessNtNtB3y_4read7StrReadEEBj_
FN:99,_RINvXNvXNvNtNtNtNtCsfsPcvtvSBg5_13rag_toolchain7clients7open_ai5model16chat_completionssd_1__NtB8_30ChatCompletionStreamedResponseNtNtCseHmADR0RVY9_5serde2de11Deserialize11deserializeNtB3_14___FieldVisitorNtB26_7Visitor9visit_strNtNtCse05LGF5xr5W_10serde_json5error5ErrorEBg_
FN:99,_RINvXs_NvXNvNtNtNtNtCsfsPcvtvSBg5_13rag_toolchain7clients7open_ai5model16chat_completionssd_1__NtBa_30ChatCompletionStreamedResponseNtNtCseHmADR0RVY9_5serde2de11Deserialize11deserializeNtB5_7___FieldB26_11deserializeINtNtCse05LGF5xr5W_10serde_json2de6MapKeyNtNtB3x_4read7StrReadEEBi_
FN:99,_RINvXs0_NvXNvNtNtNtNtCsfsPcvtvSBg5_13rag_toolchain7clients7open_ai5model16chat_completionssd_1__NtBb_30ChatCompletionStreamedResponseNtNtCseHmADR0RVY9_5serde2de11Deserialize11deserializeNtB6_9___VisitorNtB29_7Visitor9visit_seqINtNtCse05LGF5xr5W_10serde_json2de9SeqAccessNtNtB3H_4read7StrReadEEBj_
FN:99,_RINvXs0_NvXNvNtNtNtNtCsfsPcvtvSBg5_13rag_toolchain7clients7open_ai5model16chat_completionssd_1__NtBb_30ChatCompletionStreamedResponseNtNtCseHmADR0RVY9_5serde2de11Deserialize11deserializeNtB6_9___VisitorNtB29_7Visitor9visit_mapINtNtCse05LGF5xr5W_10serde_json2de9MapAccessNtNtB3H_4read7StrReadEEBj_
FN:109,_RINvXNvXNvNtNtNtNtCsfsPcvtvSBg5_13rag_toolchain7clients7open_ai5model16chat_completionssf_1__NtB8_29ChatCompletionStreamedChoicesNtNtCseHmADR0RVY9_5serde2de11Deserialize11deserializeNtB3_14___FieldVisitorNtB25_7Visitor9visit_strNtNtCse05LGF5xr5W_10serde_json5error5ErrorEBg_
FN:109,_RINvXs_NvXNvNtNtNtNtCsfsPcvtvSBg5_13rag_toolchain7clients7open_ai5model16chat_completionssf_1__NtBa_29ChatCompletionStreamedChoicesNtNtCseHmADR0RVY9_5serde2de11Deserialize11deserializeNtB5_7___FieldB25_11deserializeINtNtCse05LGF5xr5W_10serde_json2de6MapKeyNtNtB3w_4read7StrReadEEBi_
FN:109,_RINvXs0_NvXNvNtNtNtNtCsfsPcvtvSBg5_13rag_toolchain7clients7open_ai5model16chat_completionssf_1__NtBb_29ChatCompletionStreamedChoicesNtNtCseHmADR0RVY9_5serde2de11Deserialize11deserializeNtB6_9___VisitorNtB28_7Visitor9visit_seqINtNtCse05LGF5xr5W_10serde_json2de9SeqAccessNtNtB3G_4read7StrReadEEBj_
FN:109,_RINvXs0_NvXNvNtNtNtNtCsfsPcvtvSBg5_13rag_toolchain7clients7open_ai5model16chat_completionssf_1__NtBb_29ChatCompletionStreamedChoicesNtNtCseHmADR0RVY9_5serde2de11Deserialize11deserializeNtB6_9___VisitorNtB28_7Visitor9visit_mapINtNtCse05LGF5xr5W_10serde_json2de9MapAccessNtNtB3G_4read7StrReadEEBj_
FN:119,_RINvXNvXNvNtNtNtNtCsfsPcvtvSBg5_13rag_toolchain7clients7open_ai5model16chat_completionssh_1__NtB8_19ChatCompletionDeltaNtNtCseHmADR0RVY9_5serde2de11Deserialize11deserializeNtB3_14___FieldVisitorNtB1V_7Visitor9visit_strNtNtCse05LGF5xr5W_10serde_json5error5ErrorEBg_
FN:119,_RINvXs_NvXNvNtNtNtNtCsfsPcvtvSBg5_13rag_toolchain7clients7open_ai5model16chat_completionssh_1__NtBa_19ChatCompletionDeltaNtNtCseHmADR0RVY9_5serde2de11Deserialize11deserializeNtB5_7___FieldB1V_11deserializeINtNtCse05LGF5xr5W_10serde_json2de6MapKeyNtNtB3m_4read7StrReadEEBi_
FN:119,_RINvXs0_NvXNvNtNtNtNtCsfsPcvtvSBg5_13rag_toolchain7clients7open_ai5model16chat_completionssh_1__NtBb_19ChatCompletionDeltaNtNtCseHmADR0RVY9_5serde2de11Deserialize11deserializeNtB6_9___VisitorNtB1Y_7Visitor9visit_seqINtNtCse05LGF5xr5W_10serde_json2de9SeqAccessNtNtB3w_4read7StrReadEEBj_
FN:119,_RINvXs0_NvXNvNtNtNtNtCsfsPcvtvSBg5_13rag_toolchain7clients7open_ai5model16chat_completionssh_1__NtBb_19ChatCompletionDeltaNtNtCseHmADR0RVY9_5serde2de11Deserialize11deserializeNtB6_9___VisitorNtB1Y_7Visitor9visit_mapINtNtCse05LGF5xr5W_10serde_json2de9MapAccessNtNtB3w_4read7StrReadEEBj_
FN:8,_RNvXNvXNvNtNtNtNtCsfsPcvtvSBg5_13rag_toolchain7clients7open_ai5model16chat_completionss_1__NtB7_21ChatCompletionRequestNtNtCseHmADR0RVY9_5serde2de11Deserialize11deserializeNtB2_14___FieldVisitorNtB1V_7Visitor9expecting
FN:8,_RINvXNvXNvNtNtNtNtCsfsPcvtvSBg5_13rag_toolchain7clients7open_ai5model16chat_completionss_1__NtB8_21ChatCompletionRequestNtNtCseHmADR0RVY9_5serde2de11Deserialize11deserializeNtB3_14___FieldVisitorNtB1W_7Visitor10visit_boolpEBg_
FN:8,_RINvXNvXNvNtNtNtNtCsfsPcvtvSBg5_13rag_toolchain7clients7open_ai5model16chat_completionss_1__NtB8_21ChatCompletionRequestNtNtCseHmADR0RVY9_5serde2de11Deserialize11deserializeNtB3_14___FieldVisitorNtB1W_7Visitor8visit_i8pEBg_
FN:8,_RINvXNvXNvNtNtNtNtCsfsPcvtvSBg5_13rag_toolchain7clients7open_ai5model16chat_completionss_1__NtB8_21ChatCompletionRequestNtNtCseHmADR0RVY9_5serde2de11Deserialize11deserializeNtB3_14___FieldVisitorNtB1W_7Visitor9visit_i16pEBg_
FN:8,_RINvXNvXNvNtNtNtNtCsfsPcvtvSBg5_13rag_toolchain7clients7open_ai5model16chat_completionss_1__NtB8_21ChatCompletionRequestNtNtCseHmADR0RVY9_5serde2de11Deserialize11deserializeNtB3_14___FieldVisitorNtB1W_7Visitor9visit_i32pEBg_
FN:8,_RINvXNvXNvNtNtNtNtCsfsPcvtvSBg5_13rag_toolchain7clients7open_ai5model16chat_completionss_1__NtB8_21ChatCompletionRequestNtNtCseHmADR0RVY9_5serde2de11Deserialize11deserializeNtB3_14___FieldVisitorNtB1W_7Visitor9visit_i64pEBg_
FN:8,_RINvXNvXNvNtNtNtNtCsfsPcvtvSBg5_13rag_toolchain7clients7open_ai5model16chat_completionss_1__NtB8_21ChatCompletionRequestNtNtCseHmADR0RVY9_5serde2de11Deserialize11deserializeNtB3_14___FieldVisitorNtB1W_7Visitor8visit_u8pEBg_
FN:8,_RINvXNvXNvNtNtNtNtCsfsPcvtvSBg5_13rag_toolchain7clients7open_ai5model16chat_completionss_1__NtB8_21ChatCompletionRequestNtNtCseHmADR0RVY9_5serde2de11Deserialize11deserializeNtB3_14___FieldVisitorNtB1W_7Visitor9visit_u16pEBg_
FN:8,_RINvXNvXNvNtNtNtNtCsfsPcvtvSBg5_13rag_toolchain7clients7open_ai5model16chat_completionss_1__NtB8_21ChatCompletionRequestNtNtCseHmADR0RVY9_5serde2de11Deserialize11deserializeNtB3_14___FieldVisitorNtB1W_7Visitor9visit_u32pEBg_
FN:8,_RINvXNvXNvNtNtNtNtCsfsPcvtvSBg5_13rag_toolchain7clients7open_ai5model16chat_completionss_1__NtB8_21ChatCompletionRequestNtNtCseHmADR0RVY9_5serde2de11Deserialize11deserializeNtB3_14___FieldVisitorNtB1W_7Visitor9visit_u64pEBg_
FN:8,_RINvXNvXNvNtNtNtNtCsfsPcvtvSBg5_13rag_toolchain7clients7open_ai5model16chat_completionss_1__NtB8_21ChatCompletionRequestNtNtCseHmADR0RVY9_5serde2de11Deserialize11deserializeNtB3_14___FieldVisitorNtB1W_7Visitor9visit_f32pEBg_
FN:8,_RINvXNvXNvNtNtNtNtCsfsPcvtvSBg5_13rag_toolchain7clients7open_ai5model16chat_completionss_1__NtB8_21ChatCompletionRequestNtNtCseHmADR0RVY9_5serde2de11Deserialize11deserializeNtB3_14___FieldVisitorNtB1W_7Visitor9visit_f64pEBg_
FN:8,_RINvXNvXNvNtNtNtNtCsfsPcvtvSBg5_13rag_toolchain7clients7open_ai5model16chat_completionss_1__NtB8_21ChatCompletionRequestNtNtCseHmADR0RVY9_5serde2de11Deserialize11deserializeNtB3_14___FieldVisitorNtB1W_7Visitor10visit_charpEBg_
FN:8,_RINvXNvXNvNtNtNtNtCsfsPcvtvSBg5_13rag_toolchain7clients7open_ai5model16chat_completionss_1__NtB8_21ChatCompletionRequestNtNtCseHmADR0RVY9_5serde2de11Deserialize11deserializeNtB3_14___FieldVisitorNtB1W_7Visitor10visit_unitpEBg_
FN:8,_RINvXNvXNvNtNtNtNtCsfsPcvtvSBg5_13rag_toolchain7clients7open_ai5model16chat_completionss_1__NtB8_21ChatCompletionRequestNtNtCseHmADR0RVY9_5serde2de11Deserialize11deserializeNtB3_14___FieldVisitorNtB1W_7Visitor9visit_strpEBg_
FN:8,_RINvXNvXNvNtNtNtNtCsfsPcvtvSBg5_13rag_toolchain7clients7open_ai5model16chat_completionss_1__NtB8_21ChatCompletionRequestNtNtCseHmADR0RVY9_5serde2de11Deserialize11deserializeNtB3_14___FieldVisitorNtB1W_7Visitor11visit_bytespEBg_
FN:8,_RINvXNvXNvNtNtNtNtCsfsPcvtvSBg5_13rag_toolchain7clients7open_ai5model16chat_completionss_1__NtB8_21ChatCompletionRequestNtNtCseHmADR0RVY9_5serde2de11Deserialize11deserializeNtB3_14___FieldVisitorNtB1W_7Visitor18visit_borrowed_strpEBg_
FN:8,_RINvXNvXNvNtNtNtNtCsfsPcvtvSBg5_13rag_toolchain7clients7open_ai5model16chat_completionss_1__NtB8_21ChatCompletionRequestNtNtCseHmADR0RVY9_5serde2de11Deserialize11deserializeNtB3_14___FieldVisitorNtB1W_7Visitor20visit_borrowed_bytespEBg_
FN:8,_RINvXs_NvXNvNtNtNtNtCsfsPcvtvSBg5_13rag_toolchain7clients7open_ai5model16chat_completionss_1__NtBa_21ChatCompletionRequestNtNtCseHmADR0RVY9_5serde2de11Deserialize11deserializeNtB5_7___FieldB1W_11deserializepEBi_
FN:8,_RNvXs0_NvXNvNtNtNtNtCsfsPcvtvSBg5_13rag_toolchain7clients7open_ai5model16chat_completionss_1__NtBa_21ChatCompletionRequestNtNtCseHmADR0RVY9_5serde2de11Deserialize11deserializeNtB5_9___VisitorNtB1Y_7Visitor9expecting
FN:8,_RINvXs0_NvXNvNtNtNtNtCsfsPcvtvSBg5_13rag_toolchain7clients7open_ai5model16chat_completionss_1__NtBb_21ChatCompletionRequestNtNtCseHmADR0RVY9_5serde2de11Deserialize11deserializeNtB6_9___VisitorNtB1Z_7Visitor9visit_mappEBj_
FN:14,_RNCNvMsh_NtNtNtNtCsfsPcvtvSBg5_13rag_toolchain7clients7open_ai5model16chat_completionsINtB7_28ChatCompletionRequestBuilderTTNtB7_11OpenAIModelETINtNtCsdZExvAaxgia_5alloc3vec3VecNtB7_11ChatMessageEETbEpEE5build0Bf_
FN:19,_RNvXNvXNvNtNtNtNtCsfsPcvtvSBg5_13rag_toolchain7clients7open_ai5model16chat_completionss1_1__NtB7_22ChatCompletionResponseNtNtCseHmADR0RVY9_5serde2de11Deserialize11deserializeNtB2_14___FieldVisitorNtB1X_7Visitor9expecting
FN:19,_RINvXNvXNvNtNtNtNtCsfsPcvtvSBg5_13rag_toolchain7clients7open_ai5model16chat_completionss1_1__NtB8_22ChatCompletionResponseNtNtCseHmADR0RVY9_5serde2de11Deserialize11deserializeNtB3_14___FieldVisitorNtB1Y_7Visitor9visit_u64pEBg_
FN:19,_RINvXNvXNvNtNtNtNtCsfsPcvtvSBg5_13rag_toolchain7clients7open_ai5model16chat_completionss1_1__NtB8_22ChatCompletionResponseNtNtCseHmADR0RVY9_5serde2de11Deserialize11deserializeNtB3_14___FieldVisitorNtB1Y_7Visitor11visit_bytespEBg_
FN:31,_RINvXNvXNvNtNtNtNtCsfsPcvtvSBg5_13rag_toolchain7clients7open_ai5model16chat_completionss3_1__NtB8_15ChatMessageRoleNtNtCseHmADR0RVY9_5serde2de11Deserialize11deserializeNtB3_14___FieldVisitorNtB1R_7Visitor9visit_u64pEBg_
FN:31,_RINvXNvXNvNtNtNtNtCsfsPcvtvSBg5_13rag_toolchain7clients7open_ai5model16chat_completionss3_1__NtB8_15ChatMessageRoleNtNtCseHmADR0RVY9_5serde2de11Deserialize11deserializeNtB3_14___FieldVisitorNtB1R_7Visitor11visit_bytespEBg_
FN:31,_RNvXs0_NvXNvNtNtNtNtCsfsPcvtvSBg5_13rag_toolchain7clients7open_ai5model16chat_completionss3_1__NtBa_15ChatMessageRoleNtNtCseHmADR0RVY9_5serde2de11Deserialize11deserializeNtB5_9___VisitorNtB1T_7Visitor9expecting
FN:39,_RNvXNvXNvNtNtNtNtCsfsPcvtvSBg5_13rag_toolchain7clients7open_ai5model16chat_completionss5_1__NtB7_11OpenAIModelNtNtCseHmADR0RVY9_5serde2de11Deserialize11deserializeNtB2_14___FieldVisitorNtB1M_7Visitor9expecting
FN:39,_RINvXNvXNvNtNtNtNtCsfsPcvtvSBg5_13rag_toolchain7clients7open_ai5model16chat_completionss5_1__NtB8_11OpenAIModelNtNtCseHmADR0RVY9_5serde2de11Deserialize11deserializeNtB3_14___FieldVisitorNtB1N_7Visitor9visit_u64pEBg_
FN:39,_RINvXNvXNvNtNtNtNtCsfsPcvtvSBg5_13rag_toolchain7clients7open_ai5model16chat_completionss5_1__NtB8_11OpenAIModelNtNtCseHmADR0RVY9_5serde2de11Deserialize11deserializeNtB3_14___FieldVisitorNtB1N_7Visitor9visit_strpEBg_
FN:39,_RINvXNvXNvNtNtNtNtCsfsPcvtvSBg5_13rag_toolchain7clients7open_ai5model16chat_completionss5_1__NtB8_11OpenAIModelNtNtCseHmADR0RVY9_5serde2de11Deserialize11deserializeNtB3_14___FieldVisitorNtB1N_7Visitor11visit_bytespEBg_
FN:39,_RINvXs_NvXNvNtNtNtNtCsfsPcvtvSBg5_13rag_toolchain7clients7open_ai5model16chat_completionss5_1__NtBa_11OpenAIModelNtNtCseHmADR0RVY9_5serde2de11Deserialize11deserializeNtB5_7___FieldB1N_11deserializepEBi_
FN:39,_RNvXs0_NvXNvNtNtNtNtCsfsPcvtvSBg5_13rag_toolchain7clients7open_ai5model16chat_completionss5_1__NtBa_11OpenAIModelNtNtCseHmADR0RVY9_5serde2de11Deserialize11deserializeNtB5_9___VisitorNtB1P_7Visitor9expecting
FN:39,_RINvXs0_NvXNvNtNtNtNtCsfsPcvtvSBg5_13rag_toolchain7clients7open_ai5model16chat_completionss5_1__NtBb_11OpenAIModelNtNtCseHmADR0RVY9_5serde2de11Deserialize11deserializeNtB6_9___VisitorNtB1Q_7Visitor10visit_enumpEBj_
FN:48,_RNvXNvXNvNtNtNtNtCsfsPcvtvSBg5_13rag_toolchain7clients7open_ai5model16chat_completionss7_1__NtB7_11ChatMessageNtNtCseHmADR0RVY9_5serde2de11Deserialize11deserializeNtB2_14___FieldVisitorNtB1M_7Visitor9expecting
FN:48,_RINvXNvXNvNtNtNtNtCsfsPcvtvSBg5_13rag_toolchain7clients7open_ai5model16chat_completionss7_1__NtB8_11ChatMessageNtNtCseHmADR0RVY9_5serde2de11Deserialize11deserializeNtB3_14___FieldVisitorNtB1N_7Visitor9visit_u64pEBg_
FN:48,_RINvXNvXNvNtNtNtNtCsfsPcvtvSBg5_13rag_toolchain7clients7open_ai5model16chat_completionss7_1__NtB8_11ChatMessageNtNtCseHmADR0RVY9_5serde2de11Deserialize11deserializeNtB3_14___FieldVisitorNtB1N_7Visitor11visit_bytespEBg_
FN:83,_RNvXNvXNvNtNtNtNtCsfsPcvtvSBg5_13rag_toolchain7clients7open_ai5model16chat_completionss9_1__NtB7_5UsageNtNtCseHmADR0RVY9_5serde2de11Deserialize11deserializeNtB2_14___FieldVisitorNtB1F_7Visitor9expecting
FN:83,_RINvXNvXNvNtNtNtNtCsfsPcvtvSBg5_13rag_toolchain7clients7open_ai5model16chat_completionss9_1__NtB8_5UsageNtNtCseHmADR0RVY9_5serde2de11Deserialize11deserializeNtB3_14___FieldVisitorNtB1G_7Visitor9visit_u64pEBg_
FN:83,_RINvXNvXNvNtNtNtNtCsfsPcvtvSBg5_13rag_toolchain7clients7open_ai5model16chat_completionss9_1__NtB8_5UsageNtNtCseHmADR0RVY9_5serde2de11Deserialize11deserializeNtB3_14___FieldVisitorNtB1G_7Visitor11visit_bytespEBg_
FN:90,_RNvXNvXNvNtNtNtNtCsfsPcvtvSBg5_13rag_toolchain7clients7open_ai5model16chat_completionssb_1__NtB7_21ChatCompletionChoicesNtNtCseHmADR0RVY9_5serde2de11Deserialize11deserializeNtB2_14___FieldVisitorNtB1W_7Visitor9expecting
FN:90,_RINvXNvXNvNtNtNtNtCsfsPcvtvSBg5_13rag_toolchain7clients7open_ai5model16chat_completionssb_1__NtB8_21ChatCompletionChoicesNtNtCseHmADR0RVY9_5serde2de11Deserialize11deserializeNtB3_14___FieldVisitorNtB1X_7Visitor9visit_u64pEBg_
FN:90,_RINvXNvXNvNtNtNtNtCsfsPcvtvSBg5_13rag_toolchain7clients7open_ai5model16chat_completionssb_1__NtB8_21ChatCompletionChoicesNtNtCseHmADR0RVY9_5serde2de11Deserialize11deserializeNtB3_14___FieldVisitorNtB1X_7Visitor11visit_bytespEBg_
FN:99,_RNvXNvXNvNtNtNtNtCsfsPcvtvSBg5_13rag_toolchain7clients7open_ai5model16chat_completionssd_1__NtB7_30ChatCompletionStreamedResponseNtNtCseHmADR0RVY9_5serde2de11Deserialize11deserializeNtB2_14___FieldVisitorNtB25_7Visitor9expecting
FN:99,_RINvXNvXNvNtNtNtNtCsfsPcvtvSBg5_13rag_toolchain7clients7open_ai5model16chat_completionssd_1__NtB8_30ChatCompletionStreamedResponseNtNtCseHmADR0RVY9_5serde2de11Deserialize11deserializeNtB3_14___FieldVisitorNtB26_7Visitor9visit_u64pEBg_
FN:99,_RINvXNvXNvNtNtNtNtCsfsPcvtvSBg5_13rag_toolchain7clients7open_ai5model16chat_completionssd_1__NtB8_30ChatCompletionStreamedResponseNtNtCseHmADR0RVY9_5serde2de11Deserialize11deserializeNtB3_14___FieldVisitorNtB26_7Visitor11visit_bytespEBg_
FN:109,_RNvXNvXNvNtNtNtNtCsfsPcvtvSBg5_13rag_toolchain7clients7open_ai5model16chat_completionssf_1__NtB7_29ChatCompletionStreamedChoicesNtNtCseHmADR0RVY9_5serde2de11Deserialize11deserializeNtB2_14___FieldVisitorNtB24_7Visitor9expecting
FN:109,_RINvXNvXNvNtNtNtNtCsfsPcvtvSBg5_13rag_toolchain7clients7open_ai5model16chat_completionssf_1__NtB8_29ChatCompletionStreamedChoicesNtNtCseHmADR0RVY9_5serde2de11Deserialize11deserializeNtB3_14___FieldVisitorNtB25_7Visitor9visit_u64pEBg_
FN:109,_RINvXNvXNvNtNtNtNtCsfsPcvtvSBg5_13rag_toolchain7clients7open_ai5model16chat_completionssf_1__NtB8_29ChatCompletionStreamedChoicesNtNtCseHmADR0RVY9_5serde2de11Deserialize11deserializeNtB3_14___FieldVisitorNtB25_7Visitor11visit_bytespEBg_
FN:119,_RNvXNvXNvNtNtNtNtCsfsPcvtvSBg5_13rag_toolchain7clients7open_ai5model16chat_completionssh_1__NtB7_19ChatCompletionDeltaNtNtCseHmADR0RVY9_5serde2de11Deserialize11deserializeNtB2_14___FieldVisitorNtB1U_7Visitor9expecting
FN:119,_RINvXNvXNvNtNtNtNtCsfsPcvtvSBg5_13rag_toolchain7clients7open_ai5model16chat_completionssh_1__NtB8_19ChatCompletionDeltaNtNtCseHmADR0RVY9_5serde2de11Deserialize11deserializeNtB3_14___FieldVisitorNtB1V_7Visitor9visit_u64pEBg_
FN:119,_RINvXNvXNvNtNtNtNtCsfsPcvtvSBg5_13rag_toolchain7clients7open_ai5model16chat_completionssh_1__NtB8_19ChatCompletionDeltaNtNtCseHmADR0RVY9_5serde2de11Deserialize11deserializeNtB3_14___FieldVisitorNtB1V_7Visitor11visit_bytespEBg_
FN:152,_RNvNtNtNtNtNtCsfsPcvtvSBg5_13rag_toolchain7clients7open_ai5model16chat_completions19request_model_testss_39test_chat_completion_request_serializes
FN:181,_RNvNtNtNtNtNtCsfsPcvtvSBg5_13rag_toolchain7clients7open_ai5model16chat_completions19request_model_testss_43test_chat_completions_response_deserializes
FN:210,_RNvNtNtNtNtNtCsfsPcvtvSBg5_13rag_toolchain7clients7open_ai5model16chat_completions19request_model_testss_53test_chat_completions_streaming_response_deserializes
FN:55,_RNvXNtNtNtNtCsfsPcvtvSBg5_13rag_toolchain7clients7open_ai5model16chat_completionsNtB2_11ChatMessageINtNtCsaYZPK01V26L_4core7convert4FromNtNtB8_5types13PromptMessageE4from
FN:19,_RNvXs0_NvXNvNtNtNtNtCsfsPcvtvSBg5_13rag_toolchain7clients7open_ai5model16chat_completionss1_1__NtBa_22ChatCompletionResponseNtNtCseHmADR0RVY9_5serde2de11Deserialize11deserializeNtB5_9___VisitorNtB20_7Visitor9expecting
FN:31,_RNvXNvXNvNtNtNtNtCsfsPcvtvSBg5_13rag_toolchain7clients7open_ai5model16chat_completionss3_1__NtB7_15ChatMessageRoleNtNtCseHmADR0RVY9_5serde2de11Deserialize11deserializeNtB2_14___FieldVisitorNtB1Q_7Visitor9expecting
FN:48,_RNvXs0_NvXNvNtNtNtNtCsfsPcvtvSBg5_13rag_toolchain7clients7open_ai5model16chat_completionss7_1__NtBa_11ChatMessageNtNtCseHmADR0RVY9_5serde2de11Deserialize11deserializeNtB5_9___VisitorNtB1P_7Visitor9expecting
FN:83,_RNvXs0_NvXNvNtNtNtNtCsfsPcvtvSBg5_13rag_toolchain7clients7open_ai5model16chat_completionss9_1__NtBa_5UsageNtNtCseHmADR0RVY9_5serde2de11Deserialize11deserializeNtB5_9___VisitorNtB1I_7Visitor9expecting
FN:90,_RNvXs0_NvXNvNtNtNtNtCsfsPcvtvSBg5_13rag_toolchain7clients7open_ai5model16chat_completionssb_1__NtBa_21ChatCompletionChoicesNtNtCseHmADR0RVY9_5serde2de11Deserialize11deserializeNtB5_9___VisitorNtB1Z_7Visitor9expecting
FN:99,_RNvXs0_NvXNvNtNtNtNtCsfsPcvtvSBg5_13rag_toolchain7clients7open_ai5model16chat_completionssd_1__NtBa_30ChatCompletionStreamedResponseNtNtCseHmADR0RVY9_5serde2de11Deserialize11deserializeNtB5_9___VisitorNtB28_7Visitor9expecting
FN:109,_RNvXs0_NvXNvNtNtNtNtCsfsPcvtvSBg5_13rag_toolchain7clients7open_ai5model16chat_completionssf_1__NtBa_29ChatCompletionStreamedChoicesNtNtCseHmADR0RVY9_5serde2de11Deserialize11deserializeNtB5_9___VisitorNtB27_7Visitor9expecting
FN:119,_RNvXs0_NvXNvNtNtNtNtCsfsPcvtvSBg5_13rag_toolchain7clients7open_ai5model16chat_completionssh_1__NtBa_19ChatCompletionDeltaNtNtCseHmADR0RVY9_5serde2de11Deserialize11deserializeNtB5_9___VisitorNtB1X_7Visitor9expecting
FN:74,_RNvXs_NtNtNtNtCsfsPcvtvSBg5_13rag_toolchain7clients7open_ai5model16chat_completionsNtNtBa_5types13PromptMessageINtNtCsaYZPK01V26L_4core7convert4FromNtB4_11ChatMessageE4from
FNDA:14,_RINvXNvXNvNtNtNtNtCsfsPcvtvSBg5_13rag_toolchain7clients7open_ai5model16chat_completionss1_1__NtB8_22ChatCompletionResponseNtNtCseHmADR0RVY9_5serde2de11Deserialize11deserializeNtB3_14___FieldVisitorNtB1Y_7Visitor9visit_strNtNtCse05LGF5xr5W_10serde_json5error5ErrorEBg_
FNDA:14,_RINvXs_NvXNvNtNtNtNtCsfsPcvtvSBg5_13rag_toolchain7clients7open_ai5model16chat_completionss1_1__NtBa_22ChatCompletionResponseNtNtCseHmADR0RVY9_5serde2de11Deserialize11deserializeNtB5_7___FieldB1Y_11deserializeINtNtCse05LGF5xr5W_10serde_json2de6MapKeyNtNtB3p_4read7StrReadEEBi_
FNDA:0,_RINvXs0_NvXNvNtNtNtNtCsfsPcvtvSBg5_13rag_toolchain7clients7open_ai5model16chat_completionss1_1__NtBb_22ChatCompletionResponseNtNtCseHmADR0RVY9_5serde2de11Deserialize11deserializeNtB6_9___VisitorNtB21_7Visitor9visit_seqINtNtCse05LGF5xr5W_10serde_json2de9SeqAccessNtNtB3z_4read7StrReadEEBj_
FNDA:2,_RINvXs0_NvXNvNtNtNtNtCsfsPcvtvSBg5_13rag_toolchain7clients7open_ai5model16chat_completionss1_1__NtBb_22ChatCompletionResponseNtNtCseHmADR0RVY9_5serde2de11Deserialize11deserializeNtB6_9___VisitorNtB21_7Visitor9visit_mapINtNtCse05LGF5xr5W_10serde_json2de9MapAccessNtNtB3z_4read7StrReadEEBj_
FNDA:3,_RINvXNvXNvNtNtNtNtCsfsPcvtvSBg5_13rag_toolchain7clients7open_ai5model16chat_completionss3_1__NtB8_15ChatMessageRoleNtNtCseHmADR0RVY9_5serde2de11Deserialize11deserializeNtB3_14___FieldVisitorNtB1R_7Visitor9visit_strNtNtCse05LGF5xr5W_10serde_json5error5ErrorEBg_
FNDA:3,_RINvXs_NvXNvNtNtNtNtCsfsPcvtvSBg5_13rag_toolchain7clients7open_ai5model16chat_completionss3_1__NtBa_15ChatMessageRoleNtNtCseHmADR0RVY9_5serde2de11Deserialize11deserializeNtB5_7___FieldB1R_11deserializeQINtNtCse05LGF5xr5W_10serde_json2de12DeserializerNtNtB3j_4read7StrReadEEBi_
FNDA:0,_RINvXs0_NvXNvNtNtNtNtCsfsPcvtvSBg5_13rag_toolchain7clients7open_ai5model16chat_completionss3_1__NtBb_15ChatMessageRoleNtNtCseHmADR0RVY9_5serde2de11Deserialize11deserializeNtB6_9___VisitorNtB1U_7Visitor10visit_enumINtNtCse05LGF5xr5W_10serde_json2de13VariantAccessNtNtB3u_4read7StrReadEEBj_
FNDA:3,_RINvXs0_NvXNvNtNtNtNtCsfsPcvtvSBg5_13rag_toolchain7clients7open_ai5model16chat_completionss3_1__NtBb_15ChatMessageRoleNtNtCseHmADR0RVY9_5serde2de11Deserialize11deserializeNtB6_9___VisitorNtB1U_7Visitor10visit_enumINtNtCse05LGF5xr5W_10serde_json2de17UnitVariantAccessNtNtB3u_4read7StrReadEEBj_
FNDA:4,_RINvXNvXNvNtNtNtNtCsfsPcvtvSBg5_13rag_toolchain7clients7open_ai5model16chat_completionss7_1__NtB8_11ChatMessageNtNtCseHmADR0RVY9_5serde2de11Deserialize11deserializeNtB3_14___FieldVisitorNtB1N_7Visitor9visit_strNtNtCse05LGF5xr5W_10serde_json5error5ErrorEBg_
FNDA:4,_RINvXs_NvXNvNtNtNtNtCsfsPcvtvSBg5_13rag_toolchain7clients7open_ai5model16chat_completionss7_1__NtBa_11ChatMessageNtNtCseHmADR0RVY9_5serde2de11Deserialize11deserializeNtB5_7___FieldB1N_11deserializeINtNtCse05LGF5xr5W_10serde_json2de6MapKeyNtNtB3e_4read7StrReadEEBi_
FNDA:0,_RINvXs0_NvXNvNtNtNtNtCsfsPcvtvSBg5_13rag_toolchain7clients7open_ai5model16chat_completionss7_1__NtBb_11ChatMessageNtNtCseHmADR0RVY9_5serde2de11Deserialize11deserializeNtB6_9___VisitorNtB1Q_7Visitor9visit_seqINtNtCse05LGF5xr5W_10serde_json2de9SeqAccessNtNtB3o_4read7StrReadEEBj_
FNDA:2,_RINvXs0_NvXNvNtNtNtNtCsfsPcvtvSBg5_13rag_toolchain7clients7open_ai5model16chat_completionss7_1__NtBb_11ChatMessageNtNtCseHmADR0RVY9_5serde2de11Deserialize11deserializeNtB6_9___VisitorNtB1Q_7Visitor9visit_mapINtNtCse05LGF5xr5W_10serde_json2de9MapAccessNtNtB3o_4read7StrReadEEBj_
FNDA:6,_RINvXNvXNvNtNtNtNtCsfsPcvtvSBg5_13rag_toolchain7clients7open_ai5model16chat_completionss9_1__NtB8_5UsageNtNtCseHmADR0RVY9_5serde2de11Deserialize11deserializeNtB3_14___FieldVisitorNtB1G_7Visitor9visit_strNtNtCse05LGF5xr5W_10serde_json5error5ErrorEBg_
FNDA:6,_RINvXs_NvXNvNtNtNtNtCsfsPcvtvSBg5_13rag_toolchain7clients7open_ai5model16chat_completionss9_1__NtBa_5UsageNtNtCseHmADR0RVY9_5serde2de11Deserialize11deserializeNtB5_7___FieldB1G_11deserializeINtNtCse05LGF5xr5W_10serde_json2de6MapKeyNtNtB37_4read7StrReadEEBi_
FNDA:0,_RINvXs0_NvXNvNtNtNtNtCsfsPcvtvSBg5_13rag_toolchain7clients7open_ai5model16chat_completionss9_1__NtBb_5UsageNtNtCseHmADR0RVY9_5serde2de11Deserialize11deserializeNtB6_9___VisitorNtB1J_7Visitor9visit_seqINtNtCse05LGF5xr5W_10serde_json2de9SeqAccessNtNtB3h_4read7StrReadEEBj_
FNDA:2,_RINvXs0_NvXNvNtNtNtNtCsfsPcvtvSBg5_13rag_toolchain7clients7open_ai5model16chat_completionss9_1__NtBb_5UsageNtNtCseHmADR0RVY9_5serde2de11Deserialize11deserializeNtB6_9___VisitorNtB1J_7Visitor9visit_mapINtNtCse05LGF5xr5W_10serde_json2de9MapAccessNtNtB3h_4read7StrReadEEBj_
FNDA:8,_RINvXNvXNvNtNtNtNtCsfsPcvtvSBg5_13rag_toolchain7clients7open_ai5model16chat_completionssb_1__NtB8_21ChatCompletionChoicesNtNtCseHmADR0RVY9_5serde2de11Deserialize11deserializeNtB3_14___FieldVisitorNtB1X_7Visitor9visit_strNtNtCse05LGF5xr5W_10serde_json5error5ErrorEBg_
FNDA:8,_RINvXs_NvXNvNtNtNtNtCsfsPcvtvSBg5_13rag_toolchain7clients7open_ai5model16chat_completionssb_1__NtBa_21ChatCompletionChoicesNtNtCseHmADR0RVY9_5serde2de11Deserialize11deserializeNtB5_7___FieldB1X_11deserializeINtNtCse05LGF5xr5W_10serde_json2de6MapKeyNtNtB3o_4read7StrReadEEBi_
FNDA:0,_RINvXs0_NvXNvNtNtNtNtCsfsPcvtvSBg5_13rag_toolchain7clients7open_ai5model16chat_completionssb_1__NtBb_21ChatCompletionChoicesNtNtCseHmADR0RVY9_5serde2de11Deserialize11deserializeNtB6_9___VisitorNtB20_7Visitor9visit_seqINtNtCse05LGF5xr5W_10serde_json2de9SeqAccessNtNtB3y_4read7StrReadEEBj_
FNDA:2,_RINvXs0_NvXNvNtNtNtNtCsfsPcvtvSBg5_13rag_toolchain7clients7open_ai5model16chat_completionssb_1__NtBb_21ChatCompletionChoicesNtNtCseHmADR0RVY9_5serde2de11Deserialize11deserializeNtB6_9___VisitorNtB20_7Visitor9visit_mapINtNtCse05LGF5xr5W_10serde_json2de9MapAccessNtNtB3y_4read7StrReadEEBj_
FNDA:6,_RINvXNvXNvNtNtNtNtCsfsPcvtvSBg5_13rag_toolchain7clients7open_ai5model16chat_completionssd_1__NtB8_30ChatCompletionStreamedResponseNtNtCseHmADR0RVY9_5serde2de11Deserialize11deserializeNtB3_14___FieldVisitorNtB26_7Visitor9visit_strNtNtCse05LGF5xr5W_10serde_json5error5ErrorEBg_
FNDA:6,_RINvXs_NvXNvNtNtNtNtCsfsPcvtvSBg5_13rag_toolchain7clients7open_ai5model16chat_completionssd_1__NtBa_30ChatCompletionStreamedResponseNtNtCseHmADR0RVY9_5serde2de11Deserialize11deserializeNtB5_7___FieldB26_11deserializeINtNtCse05LGF5xr5W_10serde_json2de6MapKeyNtNtB3x_4read7StrReadEEBi_
FNDA:0,_RINvXs0_NvXNvNtNtNtNtCsfsPcvtvSBg5_13rag_toolchain7clients7open_ai5model16chat_completionssd_1__NtBb_30ChatCompletionStreamedResponseNtNtCseHmADR0RVY9_5serde2de11Deserialize11deserializeNtB6_9___VisitorNtB29_7Visitor9visit_seqINtNtCse05LGF5xr5W_10serde_json2de9SeqAccessNtNtB3H_4read7StrReadEEBj_
FNDA:1,_RINvXs0_NvXNvNtNtNtNtCsfsPcvtvSBg5_13rag_toolchain7clients7open_ai5model16chat_completionssd_1__NtBb_30ChatCompletionStreamedResponseNtNtCseHmADR0RVY9_5serde2de11Deserialize11deserializeNtB6_9___VisitorNtB29_7Visitor9visit_mapINtNtCse05LGF5xr5W_10serde_json2de9MapAccessNtNtB3H_4read7StrReadEEBj_
FNDA:4,_RINvXNvXNvNtNtNtNtCsfsPcvtvSBg5_13rag_toolchain7clients7open_ai5model16chat_completionssf_1__NtB8_29ChatCompletionStreamedChoicesNtNtCseHmADR0RVY9_5serde2de11Deserialize11deserializeNtB3_14___FieldVisitorNtB25_7Visitor9visit_strNtNtCse05LGF5xr5W_10serde_json5error5ErrorEBg_
FNDA:4,_RINvXs_NvXNvNtNtNtNtCsfsPcvtvSBg5_13rag_toolchain7clients7open_ai5model16chat_completionssf_1__NtBa_29ChatCompletionStreamedChoicesNtNtCseHmADR0RVY9_5serde2de11Deserialize11deserializeNtB5_7___FieldB25_11deserializeINtNtCse05LGF5xr5W_10serde_json2de6MapKeyNtNtB3w_4read7StrReadEEBi_
FNDA:0,_RINvXs0_NvXNvNtNtNtNtCsfsPcvtvSBg5_13rag_toolchain7clients7open_ai5model16chat_completionssf_1__NtBb_29ChatCompletionStreamedChoicesNtNtCseHmADR0RVY9_5serde2de11Deserialize11deserializeNtB6_9___VisitorNtB28_7Visitor9visit_seqINtNtCse05LGF5xr5W_10serde_json2de9SeqAccessNtNtB3G_4read7StrReadEEBj_
FNDA:1,_RINvXs0_NvXNvNtNtNtNtCsfsPcvtvSBg5_13rag_toolchain7clients7open_ai5model16chat_completionssf_1__NtBb_29ChatCompletionStreamedChoicesNtNtCseHmADR0RVY9_5serde2de11Deserialize11deserializeNtB6_9___VisitorNtB28_7Visitor9visit_mapINtNtCse05LGF5xr5W_10serde_json2de9MapAccessNtNtB3G_4read7StrReadEEBj_
FNDA:2,_RINvXNvXNvNtNtNtNtCsfsPcvtvSBg5_13rag_toolchain7clients7open_ai5model16chat_completionssh_1__NtB8_19ChatCompletionDeltaNtNtCseHmADR0RVY9_5serde2de11Deserialize11deserializeNtB3_14___FieldVisitorNtB1V_7Visitor9visit_strNtNtCse05LGF5xr5W_10serde_json5error5ErrorEBg_
FNDA:2,_RINvXs_NvXNvNtNtNtNtCsfsPcvtvSBg5_13rag_toolchain7clients7open_ai5model16chat_completionssh_1__NtBa_19ChatCompletionDeltaNtNtCseHmADR0RVY9_5serde2de11Deserialize11deserializeNtB5_7___FieldB1V_11deserializeINtNtCse05LGF5xr5W_10serde_json2de6MapKeyNtNtB3m_4read7StrReadEEBi_
FNDA:0,_RINvXs0_NvXNvNtNtNtNtCsfsPcvtvSBg5_13rag_toolchain7clients7open_ai5model16chat_completionssh_1__NtBb_19ChatCompletionDeltaNtNtCseHmADR0RVY9_5serde2de11Deserialize11deserializeNtB6_9___VisitorNtB1Y_7Visitor9visit_seqINtNtCse05LGF5xr5W_10serde_json2de9SeqAccessNtNtB3w_4read7StrReadEEBj_
FNDA:1,_RINvXs0_NvXNvNtNtNtNtCsfsPcvtvSBg5_13rag_toolchain7clients7open_ai5model16chat_completionssh_1__NtBb_19ChatCompletionDeltaNtNtCseHmADR0RVY9_5serde2de11Deserialize11deserializeNtB6_9___VisitorNtB1Y_7Visitor9visit_mapINtNtCse05LGF5xr5W_10serde_json2de9MapAccessNtNtB3w_4read7StrReadEEBj_
FNDA:0,_RNvXNvXNvNtNtNtNtCsfsPcvtvSBg5_13rag_toolchain7clients7open_ai5model16chat_completionss_1__NtB7_21ChatCompletionRequestNtNtCseHmADR0RVY9_5serde2de11Deserialize11deserializeNtB2_14___FieldVisitorNtB1V_7Visitor9expecting
FNDA:0,_RINvXNvXNvNtNtNtNtCsfsPcvtvSBg5_13rag_toolchain7clients7open_ai5model16chat_completionss_1__NtB8_21ChatCompletionRequestNtNtCseHmADR0RVY9_5serde2de11Deserialize11deserializeNtB3_14___FieldVisitorNtB1W_7Visitor10visit_boolpEBg_
FNDA:0,_RINvXNvXNvNtNtNtNtCsfsPcvtvSBg5_13rag_toolchain7clients7open_ai5model16chat_completionss_1__NtB8_21ChatCompletionRequestNtNtCseHmADR0RVY9_5serde2de11Deserialize11deserializeNtB3_14___FieldVisitorNtB1W_7Visitor8visit_i8pEBg_
FNDA:0,_RINvXNvXNvNtNtNtNtCsfsPcvtvSBg5_13rag_toolchain7clients7open_ai5model16chat_completionss_1__NtB8_21ChatCompletionRequestNtNtCseHmADR0RVY9_5serde2de11Deserialize11deserializeNtB3_14___FieldVisitorNtB1W_7Visitor9visit_i16pEBg_
FNDA:0,_RINvXNvXNvNtNtNtNtCsfsPcvtvSBg5_13rag_toolchain7clients7open_ai5model16chat_completionss_1__NtB8_21ChatCompletionRequestNtNtCseHmADR0RVY9_5serde2de11Deserialize11deserializeNtB3_14___FieldVisitorNtB1W_7Visitor9visit_i32pEBg_
FNDA:0,_RINvXNvXNvNtNtNtNtCsfsPcvtvSBg5_13rag_toolchain7clients7open_ai5model16chat_completionss_1__NtB8_21ChatCompletionRequestNtNtCseHmADR0RVY9_5serde2de11Deserialize11deserializeNtB3_14___FieldVisitorNtB1W_7Visitor9visit_i64pEBg_
FNDA:0,_RINvXNvXNvNtNtNtNtCsfsPcvtvSBg5_13rag_toolchain7clients7open_ai5model16chat_completionss_1__NtB8_21ChatCompletionRequestNtNtCseHmADR0RVY9_5serde2de11Deserialize11deserializeNtB3_14___FieldVisitorNtB1W_7Visitor8visit_u8pEBg_
FNDA:0,_RINvXNvXNvNtNtNtNtCsfsPcvtvSBg5_13rag_toolchain7clients7open_ai5model16chat_completionss_1__NtB8_21ChatCompletionRequestNtNtCseHmADR0RVY9_5serde2de11Deserialize11deserializeNtB3_14___FieldVisitorNtB1W_7Visitor9visit_u16pEBg_
FNDA:0,_RINvXNvXNvNtNtNtNtCsfsPcvtvSBg5_13rag_toolchain7clients7open_ai5model16chat_completionss_1__NtB8_21ChatCompletionRequestNtNtCseHmADR0RVY9_5serde2de11Deserialize11deserializeNtB3_14___FieldVisitorNtB1W_7Visitor9visit_u32pEBg_
FNDA:0,_RINvXNvXNvNtNtNtNtCsfsPcvtvSBg5_13rag_toolchain7clients7open_ai5model16chat_completionss_1__NtB8_21ChatCompletionRequestNtNtCseHmADR0RVY9_5serde2de11Deserialize11deserializeNtB3_14___FieldVisitorNtB1W_7Visitor9visit_u64pEBg_
FNDA:0,_RINvXNvXNvNtNtNtNtCsfsPcvtvSBg5_13rag_toolchain7clients7open_ai5model16chat_completionss_1__NtB8_21ChatCompletionRequestNtNtCseHmADR0RVY9_5serde2de11Deserialize11deserializeNtB3_14___FieldVisitorNtB1W_7Visitor9visit_f32pEBg_
FNDA:0,_RINvXNvXNvNtNtNtNtCsfsPcvtvSBg5_13rag_toolchain7clients7open_ai5model16chat_completionss_1__NtB8_21ChatCompletionRequestNtNtCseHmADR0RVY9_5serde2de11Deserialize11deserializeNtB3_14___FieldVisitorNtB1W_7Visitor9visit_f64pEBg_
FNDA:0,_RINvXNvXNvNtNtNtNtCsfsPcvtvSBg5_13rag_toolchain7clients7open_ai5model16chat_completionss_1__NtB8_21ChatCompletionRequestNtNtCseHmADR0RVY9_5serde2de11Deserialize11deserializeNtB3_14___FieldVisitorNtB1W_7Visitor10visit_charpEBg_
FNDA:0,_RINvXNvXNvNtNtNtNtCsfsPcvtvSBg5_13rag_toolchain7clients7open_ai5model16chat_completionss_1__NtB8_21ChatCompletionRequestNtNtCseHmADR0RVY9_5serde2de11Deserialize11deserializeNtB3_14___FieldVisitorNtB1W_7Visitor10visit_unitpEBg_
FNDA:0,_RINvXNvXNvNtNtNtNtCsfsPcvtvSBg5_13rag_toolchain7clients7open_ai5model16chat_completionss_1__NtB8_21ChatCompletionRequestNtNtCseHmADR0RVY9_5serde2de11Deserialize11deserializeNtB3_14___FieldVisitorNtB1W_7Visitor9visit_strpEBg_
FNDA:0,_RINvXNvXNvNtNtNtNtCsfsPcvtvSBg5_13rag_toolchain7clients7open_ai5model16chat_completionss_1__NtB8_21ChatCompletionRequestNtNtCseHmADR0RVY9_5serde2de11Deserialize11deserializeNtB3_14___FieldVisitorNtB1W_7Visitor11visit_bytespEBg_
FNDA:0,_RINvXNvXNvNtNtNtNtCsfsPcvtvSBg5_13rag_toolchain7clients7open_ai5model16chat_completionss_1__NtB8_21ChatCompletionRequestNtNtCseHmADR0RVY9_5serde2de11Deserialize11deserializeNtB3_14___FieldVisitorNtB1W_7Visitor18visit_borrowed_strpEBg_
FNDA:0,_RINvXNvXNvNtNtNtNtCsfsPcvtvSBg5_13rag_toolchain7clients7open_ai5model16chat_completionss_1__NtB8_21ChatCompletionRequestNtNtCseHmADR0RVY9_5serde2de11Deserialize11deserializeNtB3_14___FieldVisitorNtB1W_7Visitor20visit_borrowed_bytespEBg_
FNDA:0,_RINvXs_NvXNvNtNtNtNtCsfsPcvtvSBg5_13rag_toolchain7clients7open_ai5model16chat_completionss_1__NtBa_21ChatCompletionRequestNtNtCseHmADR0RVY9_5serde2de11Deserialize11deserializeNtB5_7___FieldB1W_11deserializepEBi_
FNDA:0,_RNvXs0_NvXNvNtNtNtNtCsfsPcvtvSBg5_13rag_toolchain7clients7open_ai5model16chat_completionss_1__NtBa_21ChatCompletionRequestNtNtCseHmADR0RVY9_5serde2de11Deserialize11deserializeNtB5_9___VisitorNtB1Y_7Visitor9expecting
FNDA:0,_RINvXs0_NvXNvNtNtNtNtCsfsPcvtvSBg5_13rag_toolchain7clients7open_ai5model16chat_completionss_1__NtBb_21ChatCompletionRequestNtNtCseHmADR0RVY9_5serde2de11Deserialize11deserializeNtB6_9___VisitorNtB1Z_7Visitor9visit_mappEBj_
FNDA:0,_RNCNvMsh_NtNtNtNtCsfsPcvtvSBg5_13rag_toolchain7clients7open_ai5model16chat_completionsINtB7_28ChatCompletionRequestBuilderTTNtB7_11OpenAIModelETINtNtCsdZExvAaxgia_5alloc3vec3VecNtB7_11ChatMessageEETbEpEE5build0Bf_
FNDA:0,_RNvXNvXNvNtNtNtNtCsfsPcvtvSBg5_13rag_toolchain7clients7open_ai5model16chat_completionss1_1__NtB7_22ChatCompletionResponseNtNtCseHmADR0RVY9_5serde2de11Deserialize11deserializeNtB2_14___FieldVisitorNtB1X_7Visitor9expecting
FNDA:0,_RINvXNvXNvNtNtNtNtCsfsPcvtvSBg5_13rag_toolchain7clients7open_ai5model16chat_completionss1_1__NtB8_22ChatCompletionResponseNtNtCseHmADR0RVY9_5serde2de11Deserialize11deserializeNtB3_14___FieldVisitorNtB1Y_7Visitor9visit_u64pEBg_
FNDA:0,_RINvXNvXNvNtNtNtNtCsfsPcvtvSBg5_13rag_toolchain7clients7open_ai5model16chat_completionss1_1__NtB8_22ChatCompletionResponseNtNtCseHmADR0RVY9_5serde2de11Deserialize11deserializeNtB3_14___FieldVisitorNtB1Y_7Visitor11visit_bytespEBg_
FNDA:0,_RINvXNvXNvNtNtNtNtCsfsPcvtvSBg5_13rag_toolchain7clients7open_ai5model16chat_completionss3_1__NtB8_15ChatMessageRoleNtNtCseHmADR0RVY9_5serde2de11Deserialize11deserializeNtB3_14___FieldVisitorNtB1R_7Visitor9visit_u64pEBg_
FNDA:0,_RINvXNvXNvNtNtNtNtCsfsPcvtvSBg5_13rag_toolchain7clients7open_ai5model16chat_completionss3_1__NtB8_15ChatMessageRoleNtNtCseHmADR0RVY9_5serde2de11Deserialize11deserializeNtB3_14___FieldVisitorNtB1R_7Visitor11visit_bytespEBg_
FNDA:0,_RNvXs0_NvXNvNtNtNtNtCsfsPcvtvSBg5_13rag_toolchain7clients7open_ai5model16chat_completionss3_1__NtBa_15ChatMessageRoleNtNtCseHmADR0RVY9_5serde2de11Deserialize11deserializeNtB5_9___VisitorNtB1T_7Visitor9expecting
FNDA:0,_RNvXNvXNvNtNtNtNtCsfsPcvtvSBg5_13rag_toolchain7clients7open_ai5model16chat_completionss5_1__NtB7_11OpenAIModelNtNtCseHmADR0RVY9_5serde2de11Deserialize11deserializeNtB2_14___FieldVisitorNtB1M_7Visitor9expecting
FNDA:0,_RINvXNvXNvNtNtNtNtCsfsPcvtvSBg5_13rag_toolchain7clients7open_ai5model16chat_completionss5_1__NtB8_11OpenAIModelNtNtCseHmADR0RVY9_5serde2de11Deserialize11deserializeNtB3_14___FieldVisitorNtB1N_7Visitor9visit_u64pEBg_
FNDA:0,_RINvXNvXNvNtNtNtNtCsfsPcvtvSBg5_13rag_toolchain7clients7open_ai5model16chat_completionss5_1__NtB8_11OpenAIModelNtNtCseHmADR0RVY9_5serde2de11Deserialize11deserializeNtB3_14___FieldVisitorNtB1N_7Visitor9visit_strpEBg_
FNDA:0,_RINvXNvXNvNtNtNtNtCsfsPcvtvSBg5_13rag_toolchain7clients7open_ai5model16chat_completionss5_1__NtB8_11OpenAIModelNtNtCseHmADR0RVY9_5serde2de11Deserialize11deserializeNtB3_14___FieldVisitorNtB1N_7Visitor11visit_bytespEBg_
FNDA:0,_RINvXs_NvXNvNtNtNtNtCsfsPcvtvSBg5_13rag_toolchain7clients7open_ai5model16chat_completionss5_1__NtBa_11OpenAIModelNtNtCseHmADR0RVY9_5serde2de11Deserialize11deserializeNtB5_7___FieldB1N_11deserializepEBi_
FNDA:0,_RNvXs0_NvXNvNtNtNtNtCsfsPcvtvSBg5_13rag_toolchain7clients7open_ai5model16chat_completionss5_1__NtBa_11OpenAIModelNtNtCseHmADR0RVY9_5serde2de11Deserialize11deserializeNtB5_9___VisitorNtB1P_7Visitor9expecting
FNDA:0,_RINvXs0_NvXNvNtNtNtNtCsfsPcvtvSBg5_13rag_toolchain7clients7open_ai5model16chat_completionss5_1__NtBb_11OpenAIModelNtNtCseHmADR0RVY9_5serde2de11Deserialize11deserializeNtB6_9___VisitorNtB1Q_7Visitor10visit_enumpEBj_
FNDA:0,_RNvXNvXNvNtNtNtNtCsfsPcvtvSBg5_13rag_toolchain7clients7open_ai5model16chat_completionss7_1__NtB7_11ChatMessageNtNtCseHmADR0RVY9_5serde2de11Deserialize11deserializeNtB2_14___FieldVisitorNtB1M_7Visitor9expecting
FNDA:0,_RINvXNvXNvNtNtNtNtCsfsPcvtvSBg5_13rag_toolchain7clients7open_ai5model16chat_completionss7_1__NtB8_11ChatMessageNtNtCseHmADR0RVY9_5serde2de11Deserialize11deserializeNtB3_14___FieldVisitorNtB1N_7Visitor9visit_u64pEBg_
FNDA:0,_RINvXNvXNvNtNtNtNtCsfsPcvtvSBg5_13rag_toolchain7clients7open_ai5model16chat_completionss7_1__NtB8_11ChatMessageNtNtCseHmADR0RVY9_5serde2de11Deserialize11deserializeNtB3_14___FieldVisitorNtB1N_7Visitor11visit_bytespEBg_
FNDA:0,_RNvXNvXNvNtNtNtNtCsfsPcvtvSBg5_13rag_toolchain7clients7open_ai5model16chat_completionss9_1__NtB7_5UsageNtNtCseHmADR0RVY9_5serde2de11Deserialize11deserializeNtB2_14___FieldVisitorNtB1F_7Visitor9expecting
FNDA:0,_RINvXNvXNvNtNtNtNtCsfsPcvtvSBg5_13rag_toolchain7clients7open_ai5model16chat_completionss9_1__NtB8_5UsageNtNtCseHmADR0RVY9_5serde2de11Deserialize11deserializeNtB3_14___FieldVisitorNtB1G_7Visitor9visit_u64pEBg_
FNDA:0,_RINvXNvXNvNtNtNtNtCsfsPcvtvSBg5_13rag_toolchain7clients7open_ai5model16chat_completionss9_1__NtB8_5UsageNtNtCseHmADR0RVY9_5serde2de11Deserialize11deserializeNtB3_14___FieldVisitorNtB1G_7Visitor11visit_bytespEBg_
FNDA:0,_RNvXNvXNvNtNtNtNtCsfsPcvtvSBg5_13rag_toolchain7clients7open_ai5model16chat_completionssb_1__NtB7_21ChatCompletionChoicesNtNtCseHmADR0RVY9_5serde2de11Deserialize11deserializeNtB2_14___FieldVisitorNtB1W_7Visitor9expecting
FNDA:0,_RINvXNvXNvNtNtNtNtCsfsPcvtvSBg5_13rag_toolchain7clients7open_ai5model16chat_completionssb_1__NtB8_21ChatCompletionChoicesNtNtCseHmADR0RVY9_5serde2de11Deserialize11deserializeNtB3_14___FieldVisitorNtB1X_7Visitor9visit_u64pEBg_
FNDA:0,_RINvXNvXNvNtNtNtNtCsfsPcvtvSBg5_13rag_toolchain7clients7open_ai5model16chat_completionssb_1__NtB8_21ChatCompletionChoicesNtNtCseHmADR0RVY9_5serde2de11Deserialize11deserializeNtB3_14___FieldVisitorNtB1X_7Visitor11visit_bytespEBg_
FNDA:0,_RNvXNvXNvNtNtNtNtCsfsPcvtvSBg5_13rag_toolchain7clients7open_ai5model16chat_completionssd_1__NtB7_30ChatCompletionStreamedResponseNtNtCseHmADR0RVY9_5serde2de11Deserialize11deserializeNtB2_14___FieldVisitorNtB25_7Visitor9expecting
FNDA:0,_RINvXNvXNvNtNtNtNtCsfsPcvtvSBg5_13rag_toolchain7clients7open_ai5model16chat_completionssd_1__NtB8_30ChatCompletionStreamedResponseNtNtCseHmADR0RVY9_5serde2de11Deserialize11deserializeNtB3_14___FieldVisitorNtB26_7Visitor9visit_u64pEBg_
FNDA:0,_RINvXNvXNvNtNtNtNtCsfsPcvtvSBg5_13rag_toolchain7clients7open_ai5model16chat_completionssd_1__NtB8_30ChatCompletionStreamedResponseNtNtCseHmADR0RVY9_5serde2de11Deserialize11deserializeNtB3_14___FieldVisitorNtB26_7Visitor11visit_bytespEBg_
FNDA:0,_RNvXNvXNvNtNtNtNtCsfsPcvtvSBg5_13rag_toolchain7clients7open_ai5model16chat_completionssf_1__NtB7_29ChatCompletionStreamedChoicesNtNtCseHmADR0RVY9_5serde2de11Deserialize11deserializeNtB2_14___FieldVisitorNtB24_7Visitor9expecting
FNDA:0,_RINvXNvXNvNtNtNtNtCsfsPcvtvSBg5_13rag_toolchain7clients7open_ai5model16chat_completionssf_1__NtB8_29ChatCompletionStreamedChoicesNtNtCseHmADR0RVY9_5serde2de11Deserialize11deserializeNtB3_14___FieldVisitorNtB25_7Visitor9visit_u64pEBg_
FNDA:0,_RINvXNvXNvNtNtNtNtCsfsPcvtvSBg5_13rag_toolchain7clients7open_ai5model16chat_completionssf_1__NtB8_29ChatCompletionStreamedChoicesNtNtCseHmADR0RVY9_5serde2de11Deserialize11deserializeNtB3_14___FieldVisitorNtB25_7Visitor11visit_bytespEBg_
FNDA:0,_RNvXNvXNvNtNtNtNtCsfsPcvtvSBg5_13rag_toolchain7clients7open_ai5model16chat_completionssh_1__NtB7_19ChatCompletionDeltaNtNtCseHmADR0RVY9_5serde2de11Deserialize11deserializeNtB2_14___FieldVisitorNtB1U_7Visitor9expecting
FNDA:0,_RINvXNvXNvNtNtNtNtCsfsPcvtvSBg5_13rag_toolchain7clients7open_ai5model16chat_completionssh_1__NtB8_19ChatCompletionDeltaNtNtCseHmADR0RVY9_5serde2de11Deserialize11deserializeNtB3_14___FieldVisitorNtB1V_7Visitor9visit_u64pEBg_
FNDA:0,_RINvXNvXNvNtNtNtNtCsfsPcvtvSBg5_13rag_toolchain7clients7open_ai5model16chat_completionssh_1__NtB8_19ChatCompletionDeltaNtNtCseHmADR0RVY9_5serde2de11Deserialize11deserializeNtB3_14___FieldVisitorNtB1V_7Visitor11visit_bytespEBg_
FNDA:1,_RNvNtNtNtNtNtCsfsPcvtvSBg5_13rag_toolchain7clients7open_ai5model16chat_completions19request_model_testss_39test_chat_completion_request_serializes
FNDA:1,_RNvNtNtNtNtNtCsfsPcvtvSBg5_13rag_toolchain7clients7open_ai5model16chat_completions19request_model_testss_43test_chat_completions_response_deserializes
FNDA:1,_RNvNtNtNtNtNtCsfsPcvtvSBg5_13rag_toolchain7clients7open_ai5model16chat_completions19request_model_testss_53test_chat_completions_streaming_response_deserializes
FNDA:2,_RNvXNtNtNtNtCsfsPcvtvSBg5_13rag_toolchain7clients7open_ai5model16chat_completionsNtB2_11ChatMessageINtNtCsaYZPK01V26L_4core7convert4FromNtNtB8_5types13PromptMessageE4from
FNDA:0,_RNvXs0_NvXNvNtNtNtNtCsfsPcvtvSBg5_13rag_toolchain7clients7open_ai5model16chat_completionss1_1__NtBa_22ChatCompletionResponseNtNtCseHmADR0RVY9_5serde2de11Deserialize11deserializeNtB5_9___VisitorNtB20_7Visitor9expecting
FNDA:0,_RNvXNvXNvNtNtNtNtCsfsPcvtvSBg5_13rag_toolchain7clients7open_ai5model16chat_completionss3_1__NtB7_15ChatMessageRoleNtNtCseHmADR0RVY9_5serde2de11Deserialize11deserializeNtB2_14___FieldVisitorNtB1Q_7Visitor9expecting
FNDA:0,_RNvXs0_NvXNvNtNtNtNtCsfsPcvtvSBg5_13rag_toolchain7clients7open_ai5model16chat_completionss7_1__NtBa_11ChatMessageNtNtCseHmADR0RVY9_5serde2de11Deserialize11deserializeNtB5_9___VisitorNtB1P_7Visitor9expecting
FNDA:0,_RNvXs0_NvXNvNtNtNtNtCsfsPcvtvSBg5_13rag_toolchain7clients7open_ai5model16chat_completionss9_1__NtBa_5UsageNtNtCseHmADR0RVY9_5serde2de11Deserialize11deserializeNtB5_9___VisitorNtB1I_7Visitor9expecting
FNDA:0,_RNvXs0_NvXNvNtNtNtNtCsfsPcvtvSBg5_13rag_toolchain7clients7open_ai5model16chat_completionssb_1__NtBa_21ChatCompletionChoicesNtNtCseHmADR0RVY9_5serde2de11Deserialize11deserializeNtB5_9___VisitorNtB1Z_7Visitor9expecting
FNDA:0,_RNvXs0_NvXNvNtNtNtNtCsfsPcvtvSBg5_13rag_toolchain7clients7open_ai5model16chat_completionssd_1__NtBa_30ChatCompletionStreamedResponseNtNtCseHmADR0RVY9_5serde2de11Deserialize11deserializeNtB5_9___VisitorNtB28_7Visitor9expecting
FNDA:0,_RNvXs0_NvXNvNtNtNtNtCsfsPcvtvSBg5_13rag_toolchain7clients7open_ai5model16chat_completionssf_1__NtBa_29ChatCompletionStreamedChoicesNtNtCseHmADR0RVY9_5serde2de11Deserialize11deserializeNtB5_9___VisitorNtB27_7Visitor9expecting
FNDA:0,_RNvXs0_NvXNvNtNtNtNtCsfsPcvtvSBg5_13rag_toolchain7clients7open_ai5model16chat_completionssh_1__NtBa_19ChatCompletionDeltaNtNtCseHmADR0RVY9_5serde2de11Deserialize11deserializeNtB5_9___VisitorNtB1X_7Visitor9expecting
FNDA:1,_RNvXs_NtNtNtNtCsfsPcvtvSBg5_13rag_toolchain7clients7open_ai5model16chat_completionsNtNtBa_5types13PromptMessageINtNtCsaYZPK01V26L_4core7convert4FromNtB4_11ChatMessageE4from
FNF:16
FNH:13
DA:8,0
DA:14,0
DA:19,30
DA:31,6
DA:39,0
DA:48,10
DA:55,2
DA:56,2
DA:57,0
DA:58,0
DA:59,0
DA:60,0
DA:61,2
DA:62,2
DA:63,2
DA:64,2
DA:65,0
DA:66,0
DA:67,0
DA:68,0
DA:70,2
DA:74,1
DA:75,1
DA:76,1
DA:77,0
DA:78,0
DA:80,1
DA:83,14
DA:90,18
DA:99,13
DA:109,9
DA:119,5
DA:152,1
DA:153,1
DA:154,1
DA:155,1
DA:156,1
DA:157,1
DA:158,1
DA:159,1
DA:160,1
DA:161,1
DA:162,1
DA:163,1
DA:164,1
DA:165,1
DA:166,1
DA:167,1
DA:168,1
DA:169,1
DA:170,1
DA:171,1
DA:172,1
DA:173,1
DA:174,1
DA:175,1
DA:176,1
DA:177,1
DA:178,1
DA:181,1
DA:182,1
DA:183,1
DA:184,1
DA:185,1
DA:186,1
DA:187,1
DA:188,1
DA:189,1
DA:190,1
DA:191,1
DA:192,1
DA:193,1
DA:194,1
DA:195,1
DA:196,1
DA:197,1
DA:198,1
DA:199,1
DA:200,1
DA:201,1
DA:202,1
DA:203,1
DA:204,1
DA:205,1
DA:206,1
DA:207,1
DA:210,1
DA:211,1
DA:212,1
DA:213,1
DA:214,1
DA:215,1
DA:216,1
DA:217,1
DA:218,1
DA:219,1
DA:220,1
DA:221,1
DA:222,1
DA:223,1
DA:224,1
DA:225,1
DA:226,1
DA:227,1
DA:228,1
DA:229,1
DA:230,1
DA:231,1
BRF:0
BRH:0
LF:108
LH:95
end_of_record
SF:/root/project/rust-rag-toolchain/rag-toolchain/src/clients/open_ai/model/embeddings.rs
FN:6,_RINvXNvXNvNtNtNtNtCsfsPcvtvSBg5_13rag_toolchain7clients7open_ai5model10embeddingss_1__NtB8_21BatchEmbeddingRequestNtNtCseHmADR0RVY9_5serde2de11Deserialize11deserializeNtB3_14___FieldVisitorNtB1Q_7Visitor9visit_strNtNtCse05LGF5xr5W_10serde_json5error5ErrorEBg_
FN:6,_RINvXs_NvXNvNtNtNtNtCsfsPcvtvSBg5_13rag_toolchain7clients7open_ai5model10embeddingss_1__NtBa_21BatchEmbeddingRequestNtNtCseHmADR0RVY9_5serde2de11Deserialize11deserializeNtB5_7___FieldB1Q_11deserializeINtNtCse05LGF5xr5W_10serde_json2de6MapKeyNtNtB3h_4read7StrReadEEBi_
FN:6,_RINvXs0_NvXNvNtNtNtNtCsfsPcvtvSBg5_13rag_toolchain7clients7open_ai5model10embeddingss_1__NtBb_21BatchEmbeddingRequestNtNtCseHmADR0RVY9_5serde2de11Deserialize11deserializeNtB6_9___VisitorNtB1T_7Visitor9visit_seqINtNtCse05LGF5xr5W_10serde_json2de9SeqAccessNtNtB3r_4read7StrReadEEBj_
FN:6,_RINvXs0_NvXNvNtNtNtNtCsfsPcvtvSBg5_13rag_toolchain7clients7open_ai5model10embeddingss_1__NtBb_21BatchEmbeddingRequestNtNtCseHmADR0RVY9_5serde2de11Deserialize11deserializeNtB6_9___VisitorNtB1T_7Visitor9visit_mapINtNtCse05LGF5xr5W_10serde_json2de9MapAccessNtNtB3r_4read7StrReadEEBj_
FN:12,_RNCNvMse_NtNtNtNtCsfsPcvtvSBg5_13rag_toolchain7clients7open_ai5model10embeddingsINtB7_28BatchEmbeddingRequestBuilderTTINtNtCsdZExvAaxgia_5alloc3vec3VecNtNtB1X_6string6StringEETNtNtNtBf_6common16embedding_shared20OpenAIEmbeddingModelEuuEE5build0Bf_
FN:15,_RNCNvMse_NtNtNtNtCsfsPcvtvSBg5_13rag_toolchain7clients7open_ai5model10embeddingsINtB7_28BatchEmbeddingRequestBuilderTTINtNtCsdZExvAaxgia_5alloc3vec3VecNtNtB1X_6string6StringEETNtNtNtBf_6common16embedding_shared20OpenAIEmbeddingModelEuuEE5builds_0Bf_
FN:19,_RINvXNvXNvNtNtNtNtCsfsPcvtvSBg5_13rag_toolchain7clients7open_ai5model10embeddingss1_1__NtB8_16EmbeddingRequestNtNtCseHmADR0RVY9_5serde2de11Deserialize11deserializeNtB3_14___FieldVisitorNtB1M_7Visitor9visit_strNtNtCse05LGF5xr5W_10serde_json5error5ErrorEBg_
FN:19,_RINvXs_NvXNvNtNtNtNtCsfsPcvtvSBg5_13rag_toolchain7clients7open_ai5model10embeddingss1_1__NtBa_16EmbeddingRequestNtNtCseHmADR0RVY9_5serde2de11Deserialize11deserializeNtB5_7___FieldB1M_11deserializeINtNtCse05LGF5xr5W_10serde_json2de6MapKeyNtNtB3d_4read7StrReadEEBi_
FN:19,_RINvXs0_NvXNvNtNtNtNtCsfsPcvtvSBg5_13rag_toolchain7clients7open_ai5model10embeddingss1_1__NtBb_16EmbeddingRequestNtNtCseHmADR0RVY9_5serde2de11Deserialize11deserializeNtB6_9___VisitorNtB1P_7Visitor9visit_seqINtNtCse05LGF5xr5W_10serde_json2de9SeqAccessNtNtB3n_4read7StrReadEEBj_
FN:19,_RINvXs0_NvXNvNtNtNtNtCsfsPcvtvSBg5_13rag_toolchain7clients7open_ai5model10embeddingss1_1__NtBb_16EmbeddingRequestNtNtCseHmADR0RVY9_5serde2de11Deserialize11deserializeNtB6_9___VisitorNtB1P_7Visitor9visit_mapINtNtCse05LGF5xr5W_10serde_json2de9MapAccessNtNtB3n_4read7StrReadEEBj_
FN:25,_RNCNvMsv_NtNtNtNtCsfsPcvtvSBg5_13rag_toolchain7clients7open_ai5model10embeddingsINtB7_23EmbeddingRequestBuilderTTNtNtCsdZExvAaxgia_5alloc6string6StringETNtNtNtBf_6common16embedding_shared20OpenAIEmbeddingModelEuuEE5build0Bf_
FN:28,_RNCNvMsv_NtNtNtNtCsfsPcvtvSBg5_13rag_toolchain7clients7open_ai5model10embeddingsINtB7_23EmbeddingRequestBuilderTTNtNtCsdZExvAaxgia_5alloc6string6StringETNtNtNtBf_6common16embedding_shared20OpenAIEmbeddingModelEuuEE5builds_0Bf_
FN:32,_RINvXNvXNvNtNtNtNtCsfsPcvtvSBg5_13rag_toolchain7clients7open_ai5model10embeddingss2_1__NtB8_17EmbeddingResponseNtNtCseHmADR0RVY9_5serde2de11Deserialize11deserializeNtB3_14___FieldVisitorNtB1N_7Visitor9visit_strNtNtCse05LGF5xr5W_10serde_json5error5ErrorEBg_
FN:32,_RINvXs_NvXNvNtNtNtNtCsfsPcvtvSBg5_13rag_toolchain7clients7open_ai5model10embeddingss2_1__NtBa_17EmbeddingResponseNtNtCseHmADR0RVY9_5serde2de11Deserialize11deserializeNtB5_7___FieldB1N_11deserializeINtNtCse05LGF5xr5W_10serde_json2de6MapKeyNtNtB3e_4read7StrReadEEBi_
FN:32,_RINvXs0_NvXNvNtNtNtNtCsfsPcvtvSBg5_13rag_toolchain7clients7open_ai5model10embeddingss2_1__NtBb_17EmbeddingResponseNtNtCseHmADR0RVY9_5serde2de11Deserialize11deserializeNtB6_9___VisitorNtB1Q_7Visitor9visit_seqINtNtCse05LGF5xr5W_10serde_json2de9SeqAccessNtNtB3o_4read7StrReadEEBj_
FN:32,_RINvXs0_NvXNvNtNtNtNtCsfsPcvtvSBg5_13rag_toolchain7clients7open_ai5model10embeddingss2_1__NtBb_17EmbeddingResponseNtNtCseHmADR0RVY9_5serde2de11Deserialize11deserializeNtB6_9___VisitorNtB1Q_7Visitor9visit_mapINtNtCse05LGF5xr5W_10serde_json2de9MapAccessNtNtB3o_4read7StrReadEEBj_
FN:41,_RINvXNvXNvNtNtNtNtCsfsPcvtvSBg5_13rag_toolchain7clients7open_ai5model10embeddingss3_1__NtB8_15EmbeddingObjectNtNtCseHmADR0RVY9_5serde2de11Deserialize11deserializeNtB3_14___FieldVisitorNtB1L_7Visitor9visit_strNtNtCse05LGF5xr5W_10serde_json5error5ErrorEBg_
FN:41,_RINvXs_NvXNvNtNtNtNtCsfsPcvtvSBg5_13rag_toolchain7clients7open_ai5model10embeddingss3_1__NtBa_15EmbeddingObjectNtNtCseHmADR0RVY9_5serde2de11Deserialize11deserializeNtB5_7___FieldB1L_11deserializeINtNtCse05LGF5xr5W_10serde_json2de6MapKeyNtNtB3c_4read7StrReadEEBi_
FN:41,_RINvXs0_NvXNvNtNtNtNtCsfsPcvtvSBg5_13rag_toolchain7clients7open_ai5model10embeddingss3_1__NtBb_15EmbeddingObjectNtNtCseHmADR0RVY9_5serde2de11Deserialize11deserializeNtB6_9___VisitorNtB1O_7Visitor9visit_seqINtNtCse05LGF5xr5W_10serde_json2de9SeqAccessNtNtB3m_4read7StrReadEEBj_
FN:41,_RINvXs0_NvXNvNtNtNtNtCsfsPcvtvSBg5_13rag_toolchain7clients7open_ai5model10embeddingss3_1__NtBb_15EmbeddingObjectNtNtCseHmADR0RVY9_5serde2de11Deserialize11deserializeNtB6_9___VisitorNtB1O_7Visitor9visit_mapINtNtCse05LGF5xr5W_10serde_json2de9MapAccessNtNtB3m_4read7StrReadEEBj_
FN:49,_RINvXNvXNvNtNtNtNtCsfsPcvtvSBg5_13rag_toolchain7clients7open_ai5model10embeddingss5_1__NtB8_5UsageNtNtCseHmADR0RVY9_5serde2de11Deserialize11deserializeNtB3_14___FieldVisitorNtB1A_7Visitor9visit_strNtNtCse05LGF5xr5W_10serde_json5error5ErrorEBg_
FN:49,_RINvXs_NvXNvNtNtNtNtCsfsPcvtvSBg5_13rag_toolchain7clients7open_ai5model10embeddingss5_1__NtBa_5UsageNtNtCseHmADR0RVY9_5serde2de11Deserialize11deserializeNtB5_7___FieldB1A_11deserializeINtNtCse05LGF5xr5W_10serde_json2de6MapKeyNtNtB31_4read7StrReadEEBi_
FN:49,_RINvXs0_NvXNvNtNtNtNtCsfsPcvtvSBg5_13rag_toolchain7clients7open_ai5model10embeddingss5_1__NtBb_5UsageNtNtCseHmADR0RVY9_5serde2de11Deserialize11deserializeNtB6_9___VisitorNtB1D_7Visitor9visit_seqINtNtCse05LGF5xr5W_10serde_json2de9SeqAccessNtNtB3b_4read7StrReadEEBj_
FN:49,_RINvXs0_NvXNvNtNtNtNtCsfsPcvtvSBg5_13rag_toolchain7clients7open_ai5model10embeddingss5_1__NtBb_5UsageNtNtCseHmADR0RVY9_5serde2de11Deserialize11deserializeNtB6_9___VisitorNtB1D_7Visitor9visit_mapINtNtCse05LGF5xr5W_10serde_json2de9MapAccessNtNtB3b_4read7StrReadEEBj_
FN:56,_RINvXNvXNvNtNtNtNtCsfsPcvtvSBg5_13rag_toolchain7clients7open_ai5model10embeddingss7_1__NtB8_14EncodingFormatNtNtCseHmADR0RVY9_5serde2de11Deserialize11deserializeNtB3_14___FieldVisitorNtB1K_7Visitor9visit_strNtNtCse05LGF5xr5W_10serde_json5error5ErrorEBg_
FN:56,_RINvXs_NvXNvNtNtNtNtCsfsPcvtvSBg5_13rag_toolchain7clients7open_ai5model10embeddingss7_1__NtBa_14EncodingFormatNtNtCseHmADR0RVY9_5serde2de11Deserialize11deserializeNtB5_7___FieldB1K_11deserializeQINtNtCse05LGF5xr5W_10serde_json2de12DeserializerNtNtB3c_4read7StrReadEEBi_
FN:56,_RINvXs0_NvXNvNtNtNtNtCsfsPcvtvSBg5_13rag_toolchain7clients7open_ai5model10embeddingss7_1__NtBb_14EncodingFormatNtNtCseHmADR0RVY9_5serde2de11Deserialize11deserializeNtB6_9___VisitorNtB1N_7Visitor10visit_enumINtNtCse05LGF5xr5W_10serde_json2de13VariantAccessNtNtB3n_4read7StrReadEEBj_
FN:56,_RINvXs0_NvXNvNtNtNtNtCsfsPcvtvSBg5_13rag_toolchain7clients7open_ai5model10embeddingss7_1__NtBb_14EncodingFormatNtNtCseHmADR0RVY9_5serde2de11Deserialize11deserializeNtB6_9___VisitorNtB1N_7Visitor10visit_enumINtNtCse05LGF5xr5W_10serde_json2de17UnitVariantAccessNtNtB3n_4read7StrReadEEBj_
FN:74,_RNvNtNtNtNtNtCsfsPcvtvSBg5_13rag_toolchain7clients7open_ai5model10embeddings19request_model_testss_59test_embedding_request_without_optional_fields_deserializes
FN:88,_RNvNtNtNtNtNtCsfsPcvtvSBg5_13rag_toolchain7clients7open_ai5model10embeddings19request_model_testss_57test_embedding_request_without_optional_fields_serializes
FN:99,_RNvNtNtNtNtNtCsfsPcvtvSBg5_13rag_toolchain7clients7open_ai5model10embeddings19request_model_testss_56test_embedding_request_with_optional_fields_deserializes
FN:118,_RNvNtNtNtNtNtCsfsPcvtvSBg5_13rag_toolchain7clients7open_ai5model10embeddings19request_model_testss_54test_embedding_request_with_optional_fields_serializes
FN:134,_RNvNtNtNtNtNtCsfsPcvtvSBg5_13rag_toolchain7clients7open_ai5model10embeddings19request_model_testss_41test_batch_embedding_request_deserializes
FN:150,_RNvNtNtNtNtNtCsfsPcvtvSBg5_13rag_toolchain7clients7open_ai5model10embeddings19request_model_testss_39test_batch_embedding_request_serializes
FN:167,_RNvNtNtNtNtNtCsfsPcvtvSBg5_13rag_toolchain7clients7open_ai5model10embeddings19request_model_testss_36test_embedding_response_deserializes
FN:6,_RNvXNvXNvNtNtNtNtCsfsPcvtvSBg5_13rag_toolchain7clients7open_ai5model10embeddingss_1__NtB7_21BatchEmbeddingRequestNtNtCseHmADR0RVY9_5serde2de11Deserialize11deserializeNtB2_14___FieldVisitorNtB1P_7Visitor9expecting
FN:6,_RINvXNvXNvNtNtNtNtCsfsPcvtvSBg5_13rag_toolchain7clients7open_ai5model10embeddingss_1__NtB8_21BatchEmbeddingRequestNtNtCseHmADR0RVY9_5serde2de11Deserialize11deserializeNtB3_14___FieldVisitorNtB1Q_7Visitor9visit_u64pEBg_
FN:6,_RINvXNvXNvNtNtNtNtCsfsPcvtvSBg5_13rag_toolchain7clients7open_ai5model10embeddingss_1__NtB8_21BatchEmbeddingRequestNtNtCseHmADR0RVY9_5serde2de11Deserialize11deserializeNtB3_14___FieldVisitorNtB1Q_7Visitor11visit_bytespEBg_
FN:19,_RNvXNvXNvNtNtNtNtCsfsPcvtvSBg5_13rag_toolchain7clients7open_ai5model10embeddingss1_1__NtB7_16EmbeddingRequestNtNtCseHmADR0RVY9_5serde2de11Deserialize11deserializeNtB2_14___FieldVisitorNtB1L_7Visitor9expecting
FN:19,_RINvXNvXNvNtNtNtNtCsfsPcvtvSBg5_13rag_toolchain7clients7open_ai5model10embeddingss1_1__NtB8_16EmbeddingRequestNtNtCseHmADR0RVY9_5serde2de11Deserialize11deserializeNtB3_14___FieldVisitorNtB1M_7Visitor9visit_u64pEBg_
FN:19,_RINvXNvXNvNtNtNtNtCsfsPcvtvSBg5_13rag_toolchain7clients7open_ai5model10embeddingss1_1__NtB8_16EmbeddingRequestNtNtCseHmADR0RVY9_5serde2de11Deserialize11deserializeNtB3_14___FieldVisitorNtB1M_7Visitor11visit_bytespEBg_
FN:32,_RNvXNvXNvNtNtNtNtCsfsPcvtvSBg5_13rag_toolchain7clients7open_ai5model10embeddingss2_1__NtB7_17EmbeddingResponseNtNtCseHmADR0RVY9_5serde2de11Deserialize11deserializeNtB2_14___FieldVisitorNtB1M_7Visitor9expecting
FN:32,_RINvXNvXNvNtNtNtNtCsfsPcvtvSBg5_13rag_toolchain7clients7open_ai5model10embeddingss2_1__NtB8_17EmbeddingResponseNtNtCseHmADR0RVY9_5serde2de11Deserialize11deserializeNtB3_14___FieldVisitorNtB1N_7Visitor9visit_u64pEBg_
FN:32,_RINvXNvXNvNtNtNtNtCsfsPcvtvSBg5_13rag_toolchain7clients7open_ai5model10embeddingss2_1__NtB8_17EmbeddingResponseNtNtCseHmADR0RVY9_5serde2de11Deserialize11deserializeNtB3_14___FieldVisitorNtB1N_7Visitor11visit_bytespEBg_
FN:41,_RNvXNvXNvNtNtNtNtCsfsPcvtvSBg5_13rag_toolchain7clients7open_ai5model10embeddingss3_1__NtB7_15EmbeddingObjectNtNtCseHmADR0RVY9_5serde2de11Deserialize11deserializeNtB2_14___FieldVisitorNtB1K_7Visitor9expecting
FN:41,_RINvXNvXNvNtNtNtNtCsfsPcvtvSBg5_13rag_toolchain7clients7open_ai5model10embeddingss3_1__NtB8_15EmbeddingObjectNtNtCseHmADR0RVY9_5serde2de11Deserialize11deserializeNtB3_14___FieldVisitorNtB1L_7Visitor9visit_u64pEBg_
FN:41,_RINvXNvXNvNtNtNtNtCsfsPcvtvSBg5_13rag_toolchain7clients7open_ai5model10embeddingss3_1__NtB8_15EmbeddingObjectNtNtCseHmADR0RVY9_5serde2de11Deserialize11deserializeNtB3_14___FieldVisitorNtB1L_7Visitor11visit_bytespEBg_
FN:49,_RNvXNvXNvNtNtNtNtCsfsPcvtvSBg5_13rag_toolchain7clients7open_ai5model10embeddingss5_1__NtB7_5UsageNtNtCseHmADR0RVY9_5serde2de11Deserialize11deserializeNtB2_14___FieldVisitorNtB1z_7Visitor9expecting
FN:49,_RINvXNvXNvNtNtNtNtCsfsPcvtvSBg5_13rag_toolchain7clients7open_ai5model10embeddingss5_1__NtB8_5UsageNtNtCseHmADR0RVY9_5serde2de11Deserialize11deserializeNtB3_14___FieldVisitorNtB1A_7Visitor9visit_u64pEBg_
FN:49,_RINvXNvXNvNtNtNtNtCsfsPcvtvSBg5_13rag_toolchain7clients7open_ai5model10embeddingss5_1__NtB8_5UsageNtNtCseHmADR0RVY9_5serde2de11Deserialize11deserializeNtB3_14___FieldVisitorNtB1A_7Visitor11visit_bytespEBg_
FN:56,_RINvXNvXNvNtNtNtNtCsfsPcvtvSBg5_13rag_toolchain7clients7open_ai5model10embeddingss7_1__NtB8_14EncodingFormatNtNtCseHmADR0RVY9_5serde2de11Deserialize11deserializeNtB3_14___FieldVisitorNtB1K_7Visitor9visit_u64pEBg_
FN:56,_RINvXNvXNvNtNtNtNtCsfsPcvtvSBg5_13rag_toolchain7clients7open_ai5model10embeddingss7_1__NtB8_14EncodingFormatNtNtCseHmADR0RVY9_5serde2de11Deserialize11deserializeNtB3_14___FieldVisitorNtB1K_7Visitor11visit_bytespEBg_
FN:56,_RNvXs0_NvXNvNtNtNtNtCsfsPcvtvSBg5_13rag_toolchain7clients7open_ai5model10embeddingss7_1__NtBa_14EncodingFormatNtNtCseHmADR0RVY9_5serde2de11Deserialize11deserializeNtB5_9___VisitorNtB1M_7Visitor9expecting
FN:6,_RNvXs0_NvXNvNtNtNtNtCsfsPcvtvSBg5_13rag_toolchain7clients7open_ai5model10embeddingss_1__NtBa_21BatchEmbeddingRequestNtNtCseHmADR0RVY9_5serde2de11Deserialize11deserializeNtB5_9___VisitorNtB1S_7Visitor9expecting
FN:19,_RNvXs0_NvXNvNtNtNtNtCsfsPcvtvSBg5_13rag_toolchain7clients7open_ai5model10embeddingss1_1__NtBa_16EmbeddingRequestNtNtCseHmADR0RVY9_5serde2de11Deserialize11deserializeNtB5_9___VisitorNtB1O_7Visitor9expecting
FN:32,_RNvXs0_NvXNvNtNtNtNtCsfsPcvtvSBg5_13rag_toolchain7clients7open_ai5model10embeddingss2_1__NtBa_17EmbeddingResponseNtNtCseHmADR0RVY9_5serde2de11Deserialize11deserializeNtB5_9___VisitorNtB1P_7Visitor9expecting
FN:41,_RNvXs0_NvXNvNtNtNtNtCsfsPcvtvSBg5_13rag_toolchain7clients7open_ai5model10embeddingss3_1__NtBa_15EmbeddingObjectNtNtCseHmADR0RVY9_5serde2de11Deserialize11deserializeNtB5_9___VisitorNtB1N_7Visitor9expecting
FN:49,_RNvXs0_NvXNvNtNtNtNtCsfsPcvtvSBg5_13rag_toolchain7clients7open_ai5model10embeddingss5_1__NtBa_5UsageNtNtCseHmADR0RVY9_5serde2de11Deserialize11deserializeNtB5_9___VisitorNtB1C_7Visitor9expecting
FN:56,_RNvXNvXNvNtNtNtNtCsfsPcvtvSBg5_13rag_toolchain7clients7open_ai5model10embeddingss7_1__NtB7_14EncodingFormatNtNtCseHmADR0RVY9_5serde2de11Deserialize11deserializeNtB2_14___FieldVisitorNtB1J_7Visitor9expecting
FNDA:2,_RINvXNvXNvNtNtNtNtCsfsPcvtvSBg5_13rag_toolchain7clients7open_ai5model10embeddingss_1__NtB8_21BatchEmbeddingRequestNtNtCseHmADR0RVY9_5serde2de11Deserialize11deserializeNtB3_14___FieldVisitorNtB1Q_7Visitor9visit_strNtNtCse05LGF5xr5W_10serde_json5error5ErrorEBg_
FNDA:2,_RINvXs_NvXNvNtNtNtNtCsfsPcvtvSBg5_13rag_toolchain7clients7open_ai5model10embeddingss_1__NtBa_21BatchEmbeddingRequestNtNtCseHmADR0RVY9_5serde2de11Deserialize11deserializeNtB5_7___FieldB1Q_11deserializeINtNtCse05LGF5xr5W_10serde_json2de6MapKeyNtNtB3h_4read7StrReadEEBi_
FNDA:0,_RINvXs0_NvXNvNtNtNtNtCsfsPcvtvSBg5_13rag_toolchain7clients7open_ai5model10embeddingss_1__NtBb_21BatchEmbeddingRequestNtNtCseHmADR0RVY9_5serde2de11Deserialize11deserializeNtB6_9___VisitorNtB1T_7Visitor9visit_seqINtNtCse05LGF5xr5W_10serde_json2de9SeqAccessNtNtB3r_4read7StrReadEEBj_
FNDA:1,_RINvXs0_NvXNvNtNtNtNtCsfsPcvtvSBg5_13rag_toolchain7clients7open_ai5model10embeddingss_1__NtBb_21BatchEmbeddingRequestNtNtCseHmADR0RVY9_5serde2de11Deserialize11deserializeNtB6_9___VisitorNtB1T_7Visitor9visit_mapINtNtCse05LGF5xr5W_10serde_json2de9MapAccessNtNtB3r_4read7StrReadEEBj_
FNDA:3,_RNCNvMse_NtNtNtNtCsfsPcvtvSBg5_13rag_toolchain7clients7open_ai5model10embeddingsINtB7_28BatchEmbeddingRequestBuilderTTINtNtCsdZExvAaxgia_5alloc3vec3VecNtNtB1X_6string6StringEETNtNtNtBf_6common16embedding_shared20OpenAIEmbeddingModelEuuEE5build0Bf_
FNDA:3,_RNCNvMse_NtNtNtNtCsfsPcvtvSBg5_13rag_toolchain7clients7open_ai5model10embeddingsINtB7_28BatchEmbeddingRequestBuilderTTINtNtCsdZExvAaxgia_5alloc3vec3VecNtNtB1X_6string6StringEETNtNtNtBf_6common16embedding_shared20OpenAIEmbeddingModelEuuEE5builds_0Bf_
FNDA:6,_RINvXNvXNvNtNtNtNtCsfsPcvtvSBg5_13rag_toolchain7clients7open_ai5model10embeddingss1_1__NtB8_16EmbeddingRequestNtNtCseHmADR0RVY9_5serde2de11Deserialize11deserializeNtB3_14___FieldVisitorNtB1M_7Visitor9visit_strNtNtCse05LGF5xr5W_10serde_json5error5ErrorEBg_
FNDA:6,_RINvXs_NvXNvNtNtNtNtCsfsPcvtvSBg5_13rag_toolchain7clients7open_ai5model10embeddingss1_1__NtBa_16EmbeddingRequestNtNtCseHmADR0RVY9_5serde2de11Deserialize11deserializeNtB5_7___FieldB1M_11deserializeINtNtCse05LGF5xr5W_10serde_json2de6MapKeyNtNtB3d_4read7StrReadEEBi_
FNDA:0,_RINvXs0_NvXNvNtNtNtNtCsfsPcvtvSBg5_13rag_toolchain7clients7open_ai5model10embeddingss1_1__NtBb_16EmbeddingRequestNtNtCseHmADR0RVY9_5serde2de11Deserialize11deserializeNtB6_9___VisitorNtB1P_7Visitor9visit_seqINtNtCse05LGF5xr5W_10serde_json2de9SeqAccessNtNtB3n_4read7StrReadEEBj_
FNDA:2,_RINvXs0_NvXNvNtNtNtNtCsfsPcvtvSBg5_13rag_toolchain7clients7open_ai5model10embeddingss1_1__NtBb_16EmbeddingRequestNtNtCseHmADR0RVY9_5serde2de11Deserialize11deserializeNtB6_9___VisitorNtB1P_7Visitor9visit_mapINtNtCse05LGF5xr5W_10serde_json2de9MapAccessNtNtB3n_4read7StrReadEEBj_
FNDA:3,_RNCNvMsv_NtNtNtNtCsfsPcvtvSBg5_13rag_toolchain7clients7open_ai5model10embeddingsINtB7_23EmbeddingRequestBuilderTTNtNtCsdZExvAaxgia_5alloc6string6StringETNtNtNtBf_6common16embedding_shared20OpenAIEmbeddingModelEuuEE5build0Bf_
[...]
FN:35,_RNvMs6_NtNtNtNtCsfsPcvtvSBg5_13rag_toolchain6stores6traits40___mock_MockEmbeddingStore_EmbeddingStore13___store_batchNtB5_11Expectation7matches
FN:35,_RNvMs6_NtNtNtNtCsfsPcvtvSBg5_13rag_toolchain6stores6traits40___mock_MockEmbeddingStore_EmbeddingStore13___store_batchNtB5_11Expectation5never
FN:35,_RNvMs6_NtNtNtNtCsfsPcvtvSBg5_13rag_toolchain6stores6traits40___mock_MockEmbeddingStore_EmbeddingStore13___store_batchNtB5_11Expectation3new
FN:35,_RNvMs6_NtNtNtNtCsfsPcvtvSBg5_13rag_toolchain6stores6traits40___mock_MockEmbeddingStore_EmbeddingStore13___store_batchNtB5_11Expectation4once
FN:35,_RINvMs6_NtNtNtNtCsfsPcvtvSBg5_13rag_toolchain6stores6traits40___mock_MockEmbeddingStore_EmbeddingStore13___store_batchNtB6_11Expectation5timespEBe_
FN:35,_RINvMs6_NtNtNtNtCsfsPcvtvSBg5_13rag_toolchain6stores6traits40___mock_MockEmbeddingStore_EmbeddingStore13___store_batchNtB6_11Expectation4withpEBe_
FN:35,_RINvMs6_NtNtNtNtCsfsPcvtvSBg5_13rag_toolchain6stores6traits40___mock_MockEmbeddingStore_EmbeddingStore13___store_batchNtB6_11Expectation5withfpEBe_
FN:35,_RINvMs6_NtNtNtNtCsfsPcvtvSBg5_13rag_toolchain6stores6traits40___mock_MockEmbeddingStore_EmbeddingStore13___store_batchNtB6_11Expectation8withf_stpEBe_
FN:35,_RNvXs7_NtNtNtNtCsfsPcvtvSBg5_13rag_toolchain6stores6traits40___mock_MockEmbeddingStore_EmbeddingStore13___store_batchNtB5_11ExpectationNtNtCsaYZPK01V26L_4core7default7Default7default
FN:35,_RNvMs8_NtNtNtNtCsfsPcvtvSBg5_13rag_toolchain6stores6traits40___mock_MockEmbeddingStore_EmbeddingStore13___store_batchNtB5_12Expectations10checkpoint
FN:35,_RNvMs8_NtNtNtNtCsfsPcvtvSBg5_13rag_toolchain6stores6traits40___mock_MockEmbeddingStore_EmbeddingStore13___store_batchNtB5_12Expectations6expect
FN:35,_RNvMs8_NtNtNtNtCsfsPcvtvSBg5_13rag_toolchain6stores6traits40___mock_MockEmbeddingStore_EmbeddingStore13___store_batchNtB5_12Expectations3new
FN:35,_RNvXs9_NtNtNtNtCsfsPcvtvSBg5_13rag_toolchain6stores6traits40___mock_MockEmbeddingStore_EmbeddingStore13___store_batchNtB5_12ExpectationsNtNtCsaYZPK01V26L_4core7default7Default7default
FN:43,_RNvMsa_NtNtNtNtCsfsPcvtvSBg5_13rag_toolchain6stores6traits40___mock_MockEmbeddingStore_EmbeddingStore13___store_batchNtB5_12Expectations4call
FN:35,_RNCNvMsa_NtNtNtNtCsfsPcvtvSBg5_13rag_toolchain6stores6traits40___mock_MockEmbeddingStore_EmbeddingStore13___store_batchNtB7_12Expectations4call0Bf_
FN:35,_RNCNvMsa_NtNtNtNtCsfsPcvtvSBg5_13rag_toolchain6stores6traits40___mock_MockEmbeddingStore_EmbeddingStore13___store_batchNtB7_12Expectations4calls_0Bf_
FN:35,_RNvXs_NtNtCsfsPcvtvSBg5_13rag_toolchain6stores6traitsNtB4_33MockEmbeddingStore_EmbeddingStoreNtNtCsaYZPK01V26L_4core7default7Default7default
FN:35,_RNvMs0_NtNtCsfsPcvtvSBg5_13rag_toolchain6stores6traitsNtB5_33MockEmbeddingStore_EmbeddingStore10checkpoint
FN:35,_RNvMs1_NtNtCsfsPcvtvSBg5_13rag_toolchain6stores6traitsNtB5_18MockEmbeddingStore10checkpoint
FN:35,_RNvMs1_NtNtCsfsPcvtvSBg5_13rag_toolchain6stores6traitsNtB5_18MockEmbeddingStore3new
FN:35,_RNvXs2_NtNtCsfsPcvtvSBg5_13rag_toolchain6stores6traitsNtB5_18MockEmbeddingStoreNtB5_14EmbeddingStore5store
FN:35,_RNCNvXs2_NtNtCsfsPcvtvSBg5_13rag_toolchain6stores6traitsNtB7_18MockEmbeddingStoreNtB7_14EmbeddingStore5store0Bb_
FN:35,_RNvXs2_NtNtCsfsPcvtvSBg5_13rag_toolchain6stores6traitsNtB5_18MockEmbeddingStoreNtB5_14EmbeddingStore11store_batch
FN:35,_RNCNvXs2_NtNtCsfsPcvtvSBg5_13rag_toolchain6stores6traitsNtB7_18MockEmbeddingStoreNtB7_14EmbeddingStore11store_batch0Bb_
FN:35,_RNvMs3_NtNtCsfsPcvtvSBg5_13rag_toolchain6stores6traitsNtB5_18MockEmbeddingStore12expect_store
FN:35,_RNvMs3_NtNtCsfsPcvtvSBg5_13rag_toolchain6stores6traitsNtB5_18MockEmbeddingStore18expect_store_batch
FNDA:0,_RNvXNtNtCsfsPcvtvSBg5_13rag_toolchain6stores6traitsNtB2_18MockEmbeddingStoreNtNtCsaYZPK01V26L_4core7default7Default7default
FNDA:0,_RNvMNtNtNtNtCsfsPcvtvSBg5_13rag_toolchain6stores6traits40___mock_MockEmbeddingStore_EmbeddingStore7___storeNtB2_5Rfunc8call_mut
FNDA:0,_RNvXs_NtNtNtNtCsfsPcvtvSBg5_13rag_toolchain6stores6traits40___mock_MockEmbeddingStore_EmbeddingStore7___storeNtB4_5RfuncNtNtCsaYZPK01V26L_4core7default7Default7default
FNDA:0,_RNvMs0_NtNtNtNtCsfsPcvtvSBg5_13rag_toolchain6stores6traits40___mock_MockEmbeddingStore_EmbeddingStore7___storeNtB5_7Matcher7matches
FNDA:0,_RNCNvMs0_NtNtNtNtCsfsPcvtvSBg5_13rag_toolchain6stores6traits40___mock_MockEmbeddingStore_EmbeddingStore7___storeNtB7_7Matcher7matches0Bf_
FNDA:0,_RNvXs1_NtNtNtNtCsfsPcvtvSBg5_13rag_toolchain6stores6traits40___mock_MockEmbeddingStore_EmbeddingStore7___storeNtB5_7MatcherNtNtCsaYZPK01V26L_4core7default7Default7default
FNDA:0,_RNvXs2_NtNtNtNtCsfsPcvtvSBg5_13rag_toolchain6stores6traits40___mock_MockEmbeddingStore_EmbeddingStore7___storeNtB5_7MatcherNtNtCsaYZPK01V26L_4core3fmt7Display3fmt
FNDA:0,_RNvXs3_NtNtNtNtCsfsPcvtvSBg5_13rag_toolchain6stores6traits40___mock_MockEmbeddingStore_EmbeddingStore7___storeNtB5_6CommonNtNtCsaYZPK01V26L_4core7default7Default7default
FNDA:0,_RNvMs4_NtNtNtNtCsfsPcvtvSBg5_13rag_toolchain6stores6traits40___mock_MockEmbeddingStore_EmbeddingStore7___storeNtB5_6Common4call
FNDA:0,_RNCNvMs4_NtNtNtNtCsfsPcvtvSBg5_13rag_toolchain6stores6traits40___mock_MockEmbeddingStore_EmbeddingStore7___storeNtB7_6Common4call0Bf_
FNDA:0,_RNvMs4_NtNtNtNtCsfsPcvtvSBg5_13rag_toolchain6stores6traits40___mock_MockEmbeddingStore_EmbeddingStore7___storeNtB5_6Common11in_sequence
FNDA:0,_RNvMs4_NtNtNtNtCsfsPcvtvSBg5_13rag_toolchain6stores6traits40___mock_MockEmbeddingStore_EmbeddingStore7___storeNtB5_6Common7is_done
FNDA:0,_RNvMs4_NtNtNtNtCsfsPcvtvSBg5_13rag_toolchain6stores6traits40___mock_MockEmbeddingStore_EmbeddingStore7___storeNtB5_6Common7matches
FNDA:0,_RNvMs4_NtNtNtNtCsfsPcvtvSBg5_13rag_toolchain6stores6traits40___mock_MockEmbeddingStore_EmbeddingStore7___storeNtB5_6Common5never
FNDA:0,_RNvMs4_NtNtNtNtCsfsPcvtvSBg5_13rag_toolchain6stores6traits40___mock_MockEmbeddingStore_EmbeddingStore7___storeNtB5_6Common16satisfy_sequence
FNDA:0,_RINvMs4_NtNtNtNtCsfsPcvtvSBg5_13rag_toolchain6stores6traits40___mock_MockEmbeddingStore_EmbeddingStore7___storeNtB6_6Common5timespEBe_
FNDA:0,_RINvMs4_NtNtNtNtCsfsPcvtvSBg5_13rag_toolchain6stores6traits40___mock_MockEmbeddingStore_EmbeddingStore7___storeNtB6_6Common4withpEBe_
FNDA:0,_RINvMs4_NtNtNtNtCsfsPcvtvSBg5_13rag_toolchain6stores6traits40___mock_MockEmbeddingStore_EmbeddingStore7___storeNtB6_6Common5withfpEBe_
FNDA:0,_RINvMs4_NtNtNtNtCsfsPcvtvSBg5_13rag_toolchain6stores6traits40___mock_MockEmbeddingStore_EmbeddingStore7___storeNtB6_6Common8withf_stpEBe_
FNDA:0,_RNvMs4_NtNtNtNtCsfsPcvtvSBg5_13rag_toolchain6stores6traits40___mock_MockEmbeddingStore_EmbeddingStore7___storeNtB5_6Common15verify_sequence
FNDA:0,_RNvXs5_NtNtNtNtCsfsPcvtvSBg5_13rag_toolchain6stores6traits40___mock_MockEmbeddingStore_EmbeddingStore7___storeNtB5_6CommonNtNtNtCsaYZPK01V26L_4core3ops4drop4Drop4drop
FNDA:0,_RNvMs6_NtNtNtNtCsfsPcvtvSBg5_13rag_toolchain6stores6traits40___mock_MockEmbeddingStore_EmbeddingStore7___storeNtB5_11Expectation4call
FNDA:0,_RNCNvMs6_NtNtNtNtCsfsPcvtvSBg5_13rag_toolchain6stores6traits40___mock_MockEmbeddingStore_EmbeddingStore7___storeNtB7_11Expectation4call0Bf_
FNDA:0,_RINvMs6_NtNtNtNtCsfsPcvtvSBg5_13rag_toolchain6stores6traits40___mock_MockEmbeddingStore_EmbeddingStore7___storeNtB6_11Expectation12return_constpEBe_
FNDA:0,_RNCINvMs6_NtNtNtNtCsfsPcvtvSBg5_13rag_toolchain6stores6traits40___mock_MockEmbeddingStore_EmbeddingStore7___storeNtB8_11Expectation12return_constpE0Bg_
FNDA:0,_RINvMs6_NtNtNtNtCsfsPcvtvSBg5_13rag_toolchain6stores6traits40___mock_MockEmbeddingStore_EmbeddingStore7___storeNtB6_11Expectation15return_const_stpEBe_
FNDA:0,_RNCINvMs6_NtNtNtNtCsfsPcvtvSBg5_13rag_toolchain6stores6traits40___mock_MockEmbeddingStore_EmbeddingStore7___storeNtB8_11Expectation15return_const_stpE0Bg_
FNDA:0,_RINvMs6_NtNtNtNtCsfsPcvtvSBg5_13rag_toolchain6stores6traits40___mock_MockEmbeddingStore_EmbeddingStore7___storeNtB6_11Expectation11return_oncepEBe_
FNDA:0,_RINvMs6_NtNtNtNtCsfsPcvtvSBg5_13rag_toolchain6stores6traits40___mock_MockEmbeddingStore_EmbeddingStore7___storeNtB6_11Expectation14return_once_stpEBe_
FNDA:0,_RINvMs6_NtNtNtNtCsfsPcvtvSBg5_13rag_toolchain6stores6traits40___mock_MockEmbeddingStore_EmbeddingStore7___storeNtB6_11Expectation9returningpEBe_
FNDA:0,_RINvMs6_NtNtNtNtCsfsPcvtvSBg5_13rag_toolchain6stores6traits40___mock_MockEmbeddingStore_EmbeddingStore7___storeNtB6_11Expectation12returning_stpEBe_
FNDA:0,_RNvMs6_NtNtNtNtCsfsPcvtvSBg5_13rag_toolchain6stores6traits40___mock_MockEmbeddingStore_EmbeddingStore7___storeNtB5_11Expectation11in_sequence
FNDA:0,_RNvMs6_NtNtNtNtCsfsPcvtvSBg5_13rag_toolchain6stores6traits40___mock_MockEmbeddingStore_EmbeddingStore7___storeNtB5_11Expectation7is_done
FNDA:0,_RNvMs6_NtNtNtNtCsfsPcvtvSBg5_13rag_toolchain6stores6traits40___mock_MockEmbeddingStore_EmbeddingStore7___storeNtB5_11Expectation7matches
FNDA:0,_RNvMs6_NtNtNtNtCsfsPcvtvSBg5_13rag_toolchain6stores6traits40___mock_MockEmbeddingStore_EmbeddingStore7___storeNtB5_11Expectation5never
FNDA:0,_RNvMs6_NtNtNtNtCsfsPcvtvSBg5_13rag_toolchain6stores6traits40___mock_MockEmbeddingStore_EmbeddingStore7___storeNtB5_11Expectation3new
FNDA:0,_RNvMs6_NtNtNtNtCsfsPcvtvSBg5_13rag_toolchain6stores6traits40___mock_MockEmbeddingStore_EmbeddingStore7___storeNtB5_11Expectation4once
FNDA:0,_RINvMs6_NtNtNtNtCsfsPcvtvSBg5_13rag_toolchain6stores6traits40___mock_MockEmbeddingStore_EmbeddingStore7___storeNtB6_11Expectation5timespEBe_
FNDA:0,_RINvMs6_NtNtNtNtCsfsPcvtvSBg5_13rag_toolchain6stores6traits40___mock_MockEmbeddingStore_EmbeddingStore7___storeNtB6_11Expectation4withpEBe_
FNDA:0,_RINvMs6_NtNtNtNtCsfsPcvtvSBg5_13rag_toolchain6stores6traits40___mock_MockEmbeddingStore_EmbeddingStore7___storeNtB6_11Expectation5withfpEBe_
FNDA:0,_RINvMs6_NtNtNtNtCsfsPcvtvSBg5_13rag_toolchain6stores6traits40___mock_MockEmbeddingStore_EmbeddingStore7___storeNtB6_11Expectation8withf_stpEBe_
FNDA:0,_RNvXs7_NtNtNtNtCsfsPcvtvSBg5_13rag_toolchain6stores6traits40___mock_MockEmbeddingStore_EmbeddingStore7___storeNtB5_11ExpectationNtNtCsaYZPK01V26L_4core7default7Default7default
FNDA:0,_RNvMs8_NtNtNtNtCsfsPcvtvSBg5_13rag_toolchain6stores6traits40___mock_MockEmbeddingStore_EmbeddingStore7___storeNtB5_12Expectations10checkpoint
FNDA:0,_RNvMs8_NtNtNtNtCsfsPcvtvSBg5_13rag_toolchain6stores6traits40___mock_MockEmbeddingStore_EmbeddingStore7___storeNtB5_12Expectations6expect
FNDA:0,_RNvMs8_NtNtNtNtCsfsPcvtvSBg5_13rag_toolchain6stores6traits40___mock_MockEmbeddingStore_EmbeddingStore7___storeNtB5_12Expectations3new
FNDA:0,_RNvXs9_NtNtNtNtCsfsPcvtvSBg5_13rag_toolchain6stores6traits40___mock_MockEmbeddingStore_EmbeddingStore7___storeNtB5_12ExpectationsNtNtCsaYZPK01V26L_4core7default7Default7default
FNDA:0,_RNvMsa_NtNtNtNtCsfsPcvtvSBg5_13rag_toolchain6stores6traits40___mock_MockEmbeddingStore_EmbeddingStore7___storeNtB5_12Expectations4call
FNDA:0,_RNCNvMsa_NtNtNtNtCsfsPcvtvSBg5_13rag_toolchain6stores6traits40___mock_MockEmbeddingStore_EmbeddingStore7___storeNtB7_12Expectations4call0Bf_
FNDA:0,_RNCNvMsa_NtNtNtNtCsfsPcvtvSBg5_13rag_toolchain6stores6traits40___mock_MockEmbeddingStore_EmbeddingStore7___storeNtB7_12Expectations4calls_0Bf_
FNDA:0,_RNvMNtNtNtNtCsfsPcvtvSBg5_13rag_toolchain6stores6traits40___mock_MockEmbeddingStore_EmbeddingStore13___store_batchNtB2_5Rfunc8call_mut
FNDA:0,_RNvXs_NtNtNtNtCsfsPcvtvSBg5_13rag_toolchain6stores6traits40___mock_MockEmbeddingStore_EmbeddingStore13___store_batchNtB4_5RfuncNtNtCsaYZPK01V26L_4core7default7Default7default
FNDA:0,_RNvMs0_NtNtNtNtCsfsPcvtvSBg5_13rag_toolchain6stores6traits40___mock_MockEmbeddingStore_EmbeddingStore13___store_batchNtB5_7Matcher7matches
FNDA:0,_RNCNvMs0_NtNtNtNtCsfsPcvtvSBg5_13rag_toolchain6stores6traits40___mock_MockEmbeddingStore_EmbeddingStore13___store_batchNtB7_7Matcher7matches0Bf_
FNDA:0,_RNvXs1_NtNtNtNtCsfsPcvtvSBg5_13rag_toolchain6stores6traits40___mock_MockEmbeddingStore_EmbeddingStore13___store_batchNtB5_7MatcherNtNtCsaYZPK01V26L_4core7default7Default7default
FNDA:0,_RNvXs2_NtNtNtNtCsfsPcvtvSBg5_13rag_toolchain6stores6traits40___mock_MockEmbeddingStore_EmbeddingStore13___store_batchNtB5_7MatcherNtNtCsaYZPK01V26L_4core3fmt7Display3fmt
FNDA:0,_RNvXs3_NtNtNtNtCsfsPcvtvSBg5_13rag_toolchain6stores6traits40___mock_MockEmbeddingStore_EmbeddingStore13___store_batchNtB5_6CommonNtNtCsaYZPK01V26L_4core7default7Default7default
FNDA:0,_RNvMs4_NtNtNtNtCsfsPcvtvSBg5_13rag_toolchain6stores6traits40___mock_MockEmbeddingStore_EmbeddingStore13___store_batchNtB5_6Common4call
FNDA:0,_RNCNvMs4_NtNtNtNtCsfsPcvtvSBg5_13rag_toolchain6stores6traits40___mock_MockEmbeddingStore_EmbeddingStore13___store_batchNtB7_6Common4call0Bf_
FNDA:0,_RNvMs4_NtNtNtNtCsfsPcvtvSBg5_13rag_toolchain6stores6traits40___mock_MockEmbeddingStore_EmbeddingStore13___store_batchNtB5_6Common11in_sequence
FNDA:0,_RNvMs4_NtNtNtNtCsfsPcvtvSBg5_13rag_toolchain6stores6traits40___mock_MockEmbeddingStore_EmbeddingStore13___store_batchNtB5_6Common7is_done
FNDA:0,_RNvMs4_NtNtNtNtCsfsPcvtvSBg5_13rag_toolchain6stores6traits40___mock_MockEmbeddingStore_EmbeddingStore13___store_batchNtB5_6Common7matches
FNDA:0,_RNvMs4_NtNtNtNtCsfsPcvtvSBg5_13rag_toolchain6stores6traits40___mock_MockEmbeddingStore_EmbeddingStore13___store_batchNtB5_6Common5never
FNDA:0,_RNvMs4_NtNtNtNtCsfsPcvtvSBg5_13rag_toolchain6stores6traits40___mock_MockEmbeddingStore_EmbeddingStore13___store_batchNtB5_6Common16satisfy_sequence
FNDA:0,_RINvMs4_NtNtNtNtCsfsPcvtvSBg5_13rag_toolchain6stores6traits40___mock_MockEmbeddingStore_EmbeddingStore13___store_batchNtB6_6Common5timespEBe_
FNDA:0,_RINvMs4_NtNtNtNtCsfsPcvtvSBg5_13rag_toolchain6stores6traits40___mock_MockEmbeddingStore_EmbeddingStore13___store_batchNtB6_6Common4withpEBe_
FNDA:0,_RINvMs4_NtNtNtNtCsfsPcvtvSBg5_13rag_toolchain6stores6traits40___mock_MockEmbeddingStore_EmbeddingStore13___store_batchNtB6_6Common5withfpEBe_
FNDA:0,_RINvMs4_NtNtNtNtCsfsPcvtvSBg5_13rag_toolchain6stores6traits40___mock_MockEmbeddingStore_EmbeddingStore13___store_batchNtB6_6Common8withf_stpEBe_
FNDA:0,_RNvMs4_NtNtNtNtCsfsPcvtvSBg5_13rag_toolchain6stores6traits40___mock_MockEmbeddingStore_EmbeddingStore13___store_batchNtB5_6Common15verify_sequence
FNDA:0,_RNvXs5_NtNtNtNtCsfsPcvtvSBg5_13rag_toolchain6stores6traits40___mock_MockEmbeddingStore_EmbeddingStore13___store_batchNtB5_6CommonNtNtNtCsaYZPK01V26L_4core3ops4drop4Drop4drop
FNDA:0,_RNvMs6_NtNtNtNtCsfsPcvtvSBg5_13rag_toolchain6stores6traits40___mock_MockEmbeddingStore_EmbeddingStore13___store_batchNtB5_11Expectation4call
FNDA:0,_RNCNvMs6_NtNtNtNtCsfsPcvtvSBg5_13rag_toolchain6stores6traits40___mock_MockEmbeddingStore_EmbeddingStore13___store_batchNtB7_11Expectation4call0Bf_
FNDA:0,_RINvMs6_NtNtNtNtCsfsPcvtvSBg5_13rag_toolchain6stores6traits40___mock_MockEmbeddingStore_EmbeddingStore13___store_batchNtB6_11Expectation12return_constpEBe_
FNDA:0,_RNCINvMs6_NtNtNtNtCsfsPcvtvSBg5_13rag_toolchain6stores6traits40___mock_MockEmbeddingStore_EmbeddingStore13___store_batchNtB8_11Expectation12return_constpE0Bg_
FNDA:0,_RINvMs6_NtNtNtNtCsfsPcvtvSBg5_13rag_toolchain6stores6traits40___mock_MockEmbeddingStore_EmbeddingStore13___store_batchNtB6_11Expectation15return_const_stpEBe_
FNDA:0,_RNCINvMs6_NtNtNtNtCsfsPcvtvSBg5_13rag_toolchain6stores6traits40___mock_MockEmbeddingStore_EmbeddingStore13___store_batchNtB8_11Expectation15return_const_stpE0Bg_
FNDA:0,_RINvMs6_NtNtNtNtCsfsPcvtvSBg5_13rag_toolchain6stores6traits40___mock_MockEmbeddingStore_EmbeddingStore13___store_batchNtB6_11Expectation11return_oncepEBe_
FNDA:0,_RINvMs6_NtNtNtNtCsfsPcvtvSBg5_13rag_toolchain6stores6traits40___mock_MockEmbeddingStore_EmbeddingStore13___store_batchNtB6_11Expectation14return_once_stpEBe_
FNDA:0,_RINvMs6_NtNtNtNtCsfsPcvtvSBg5_13rag_toolchain6stores6traits40___mock_MockEmbeddingStore_EmbeddingStore13___store_batchNtB6_11Expectation9returningpEBe_
FNDA:0,_RINvMs6_NtNtNtNtCsfsPcvtvSBg5_13rag_toolchain6stores6traits40___mock_MockEmbeddingStore_EmbeddingStore13___store_batchNtB6_11Expectation12returning_stpEBe_
FNDA:0,_RNvMs6_NtNtNtNtCsfsPcvtvSBg5_13rag_toolchain6stores6traits40___mock_MockEmbeddingStore_EmbeddingStore13___store_batchNtB5_11Expectation11in_sequence
FNDA:0,_RNvMs6_NtNtNtNtCsfsPcvtvSBg5_13rag_toolchain6stores6traits40___mock_MockEmbeddingStore_EmbeddingStore13___store_batchNtB5_11Expectation7is_done
FNDA:0,_RNvMs6_NtNtNtNtCsfsPcvtvSBg5_13rag_toolchain6stores6traits40___mock_MockEmbeddingStore_EmbeddingStore13___store_batchNtB5_11Expectation7matches
FNDA:0,_RNvMs6_NtNtNtNtCsfsPcvtvSBg5_13rag_toolchain6stores6traits40___mock_MockEmbeddingStore_EmbeddingStore13___store_batchNtB5_11Expectation5never
FNDA:0,_RNvMs6_NtNtNtNtCsfsPcvtvSBg5_13rag_toolchain6stores6traits40___mock_MockEmbeddingStore_EmbeddingStore13___store_batchNtB5_11Expectation3new
FNDA:0,_RNvMs6_NtNtNtNtCsfsPcvtvSBg5_13rag_toolchain6stores6traits40___mock_MockEmbeddingStore_EmbeddingStore13___store_batchNtB5_11Expectation4once
FNDA:0,_RINvMs6_NtNtNtNtCsfsPcvtvSBg5_13rag_toolchain6stores6traits40___mock_MockEmbeddingStore_EmbeddingStore13___store_batchNtB6_11Expectation5timespEBe_
FNDA:0,_RINvMs6_NtNtNtNtCsfsPcvtvSBg5_13rag_toolchain6stores6traits40___mock_MockEmbeddingStore_EmbeddingStore13___store_batchNtB6_11Expectation4withpEBe_
FNDA:0,_RINvMs6_NtNtNtNtCsfsPcvtvSBg5_13rag_toolchain6stores6traits40___mock_MockEmbeddingStore_EmbeddingStore13___store_batchNtB6_11Expectation5withfpEBe_
FNDA:0,_RINvMs6_NtNtNtNtCsfsPcvtvSBg5_13rag_toolchain6stores6traits40___mock_MockEmbeddingStore_EmbeddingStore13___store_batchNtB6_11Expectation8withf_stpEBe_
FNDA:0,_RNvXs7_NtNtNtNtCsfsPcvtvSBg5_13rag_toolchain6stores6traits40___mock_MockEmbeddingStore_EmbeddingStore13___store_batchNtB5_11ExpectationNtNtCsaYZPK01V26L_4core7default7Default7default
FNDA:0,_RNvMs8_NtNtNtNtCsfsPcvtvSBg5_13rag_toolchain6stores6traits40___mock_MockEmbeddingStore_EmbeddingStore13___store_batchNtB5_12Expectations10checkpoint
FNDA:0,_RNvMs8_NtNtNtNtCsfsPcvtvSBg5_13rag_toolchain6stores6traits40___mock_MockEmbeddingStore_EmbeddingStore13___store_batchNtB5_12Expectations6expect
FNDA:0,_RNvMs8_NtNtNtNtCsfsPcvtvSBg5_13rag_toolchain6stores6traits40___mock_MockEmbeddingStore_EmbeddingStore13___store_batchNtB5_12Expectations3new
FNDA:0,_RNvXs9_NtNtNtNtCsfsPcvtvSBg5_13rag_toolchain6stores6traits40___mock_MockEmbeddingStore_EmbeddingStore13___store_batchNtB5_12ExpectationsNtNtCsaYZPK01V26L_4core7default7Default7default
FNDA:0,_RNvMsa_NtNtNtNtCsfsPcvtvSBg5_13rag_toolchain6stores6traits40___mock_MockEmbeddingStore_EmbeddingStore13___store_batchNtB5_12Expectations4call
FNDA:0,_RNCNvMsa_NtNtNtNtCsfsPcvtvSBg5_13rag_toolchain6stores6traits40___mock_MockEmbeddingStore_EmbeddingStore13___store_batchNtB7_12Expectations4call0Bf_
FNDA:0,_RNCNvMsa_NtNtNtNtCsfsPcvtvSBg5_13rag_toolchain6stores6traits40___mock_MockEmbeddingStore_EmbeddingStore13___store_batchNtB7_12Expectations4calls_0Bf_
FNDA:0,_RNvXs_NtNtCsfsPcvtvSBg5_13rag_toolchain6stores6traitsNtB4_33MockEmbeddingStore_EmbeddingStoreNtNtCsaYZPK01V26L_4core7default7Default7default
FNDA:0,_RNvMs0_NtNtCsfsPcvtvSBg5_13rag_toolchain6stores6traitsNtB5_33MockEmbeddingStore_EmbeddingStore10checkpoint
FNDA:0,_RNvMs1_NtNtCsfsPcvtvSBg5_13rag_toolchain6stores6traitsNtB5_18MockEmbeddingStore10checkpoint
FNDA:0,_RNvMs1_NtNtCsfsPcvtvSBg5_13rag_toolchain6stores6traitsNtB5_18MockEmbeddingStore3new
FNDA:0,_RNvXs2_NtNtCsfsPcvtvSBg5_13rag_toolchain6stores6traitsNtB5_18MockEmbeddingStoreNtB5_14EmbeddingStore5store
FNDA:0,_RNCNvXs2_NtNtCsfsPcvtvSBg5_13rag_toolchain6stores6traitsNtB7_18MockEmbeddingStoreNtB7_14EmbeddingStore5store0Bb_
FNDA:0,_RNvXs2_NtNtCsfsPcvtvSBg5_13rag_toolchain6stores6traitsNtB5_18MockEmbeddingStoreNtB5_14EmbeddingStore11store_batch
FNDA:0,_RNCNvXs2_NtNtCsfsPcvtvSBg5_13rag_toolchain6stores6traitsNtB7_18MockEmbeddingStoreNtB7_14EmbeddingStore11store_batch0Bb_
FNDA:0,_RNvMs3_NtNtCsfsPcvtvSBg5_13rag_toolchain6stores6traitsNtB5_18MockEmbeddingStore12expect_store
FNDA:0,_RNvMs3_NtNtCsfsPcvtvSBg5_13rag_toolchain6stores6traitsNtB5_18MockEmbeddingStore18expect_store_batch
FNF:2
FNH:0
DA:35,0
DA:36,0
DA:37,0
DA:38,0
DA:39,0
DA:40,0
DA:41,0
DA:42,0
DA:43,0
BRF:0
BRH:0
LF:10
LH:0
end_of_record